START 


# Word: 一步裙
http://s.weibo.com/weibo/%E4%B8%80%E6%AD%A5%E8%A3%99


[SKIP] 展开全文c, XYnNH5CpBB2dyjkFYPduY5PN058=
[阿拉哈嗦糙](http://weibo.com/u/1802985597)
今天下午，要去参加一个活动。我翻出了妈妈找人给我改好的一步裙。我一年前面试穿它刚刚好，半年前活动穿它也刚刚好。我想到了怎么搭它不会太正式又不会太随意。我甚至想到了中午要把它的褶子整平。万万没想到，老娘胖了。腰粗了。勒到妈妈都不认识我下午一定要少说话，少动，提着一口气。...展开全文c

[-] 一步裙
[-] 1526969059000|u/1802985597
| 2018-05-22 14:04 | iPhone客户端 |


tag.coun=1, tag=vACMNfgefm1YDvirob49CrPHntY=
[Baileys_兴](http://weibo.com/u/3891565583)
泥怎么撒fufu的今天一步裙+高跟鞋+37度+中午热的不想吃饭+跑来跑去一下午跟打仗似的珮珮晚上出发去听讲座|上海·复旦...

[-] 一步裙
[-] 1526461603000|u/3891565583
| 2018-05-16 17:06 | iPhone客户端 |


tag.coun=1, tag=4qfO+m4BW/Dhwzk4s9tgsG6dmqA=
[捉到一只小小Lu](http://weibo.com/luella0108)
现在有多累以后就有多幸福吧今天一天体会到了脚废掉的感觉成长是一大步！面子算什么？我看着那些在小公司里穿的光鲜亮丽白衬衫一步裙的小姐姐我和我同事议论到她们一个月拿那2000多块钱工资能干嘛？就只是看着挺光鲜亮丽而已

[-] 一步裙
[-] 1526479758000|luella0108
| 2018-05-16 22:09 | iPhone 6 |


tag.coun=1, tag=4fEtciGsOEl+ZHPVog0bOblRLgU=
[黑色小绵羊T](http://weibo.com/u/2883341970)
被一步裙束缚住灵魂的一天37度是五月的上海

[-] 一步裙
[-] 1526484486000|u/2883341970
| 2018-05-16 23:28 | iPhone客户端 |


tag.coun=1, tag=rBjrbJtgijPwmu19agMaZCX26WU=
[一个神经病啊啊啊啊啊](http://weibo.com/u/5933294295)
到底是谁发明的一步裙？？？？

[-] 一步裙
[-] 1526511742000|u/5933294295
| 2018-05-17 07:02 | 魅族 MX5 |


tag.coun=1, tag=8HkzHjNuPvziP2EoHpfK8hTIsLA=
[司蝉](http://weibo.com/u/3748805534)
请回答1988第十七集的结尾，大家突然长大了。德善厚刘海全部梳上去，利索地扎个发髻，穿着一步裙走回家那一段，看得真伤心。

[-] 一步裙
[-] 1526537580000|u/3748805534
| 2018-05-17 14:13 | iPhone客户端 |


tag.coun=1, tag=BPUYQ0fkShgVK1J0Thcv42B7Jng=
[女人穿搭这些事](http://weibo.com/u/2327589504)
高腰一步裙穿搭，显淑女气质，穿出去逛街，显得人很有自信

[-] 一步裙
[-] 1526555746000|u/2327589504
| 2018-05-17 19:15 | weibo.com |


tag.coun=1, tag=zkAZpAi1VOdoAk96uU4TeVIWTM8=
[怒向街头觅棉花cc](http://weibo.com/u/3616262744)
太丧病了……穿了条一步裙窝在沙发吃冰棍，小肚腩凸出来了，我爸特别震惊的说：你是不是怀宝宝了？我：#？～@&！%*面对一个大龄单身黄花闺女这样说合适吗？

[-] 一步裙
[-] 1526560081000|u/3616262744
| 2018-05-17 20:28 | iPhone客户端 |


tag.coun=1, tag=B347oFjkMqz7tbZskPolD2rCles=
[Mica要减肥](http://weibo.com/u/5548851492)
#蔡徐坤#emm……推广一下还是可以的，gla对于女生开还是很不错的，小型suv，但是不会很高，穿一步裙也能很顺畅的坐进去，不是普通意义上的suv，后排一般2个人会比较舒适，3个人有点点拥挤，前排驾驶和副座感受较好，记忆座椅也很方便，音响需要看个人喜欢需要调节，总体来说是还不错的了@蔡徐坤年轻是什么？是锋芒毕露？是敞开心扉？还是唱所欲言？来听@NINEPERCENT官博大声说出他们对于年轻的解读。年轻没有标准答案！梅赛德斯-奔驰新生代车型携手NINEPERCENT，#年轻够任性#，一起放开活！新生代车型...

[-] 一步裙
[-] 1526618145000|u/5548851492
| 2018-05-18 12:35 | 无线智能投放平台iPhone客户端 |


tag.coun=1, tag=wD/l+d/6Ezj9uQpTokTDjmzhatI=
[墙角木每](http://weibo.com/u/1847057411)
同学说我应该打扮的像个职业经理，我倒也想美美哒，可动不动就爬天够地，十指黑黑地，穿个一步裙我怕迈不开腿上不了梯子，穿个高跟鞋影响我健步如飞。

[-] 一步裙
[-] 1526633364000|u/1847057411
| 2018-05-18 16:49 | 华为手机 |


tag.coun=1, tag=vZO56Cd8L6iv2h5Qkd6KNEIe1EI=
[逗必扑猫扑](http://weibo.com/u/2190437677)
秋冬女装半身裙面试包臀OL职业工作一步裙中长西装及膝裙|秋冬女装半...

[-] 一步裙
[-] 1526742306000|u/2190437677
| 2018-05-19 23:05 | 手机淘宝 |


tag.coun=1, tag=6s1tyCA2Z01csbDpljP3yPMrnAw=
[花落巍凉](http://weibo.com/u/3224052333)
#教师资格证面试#卖保险人设？？？本来穿的一步裙，，，but太冷了！冻回宿舍换了条长裤

[-] 一步裙
[-] 1526777066000|u/3224052333
| 2018-05-20 08:44 | HUAWEI nova 2s |


tag.coun=1, tag=Don7VqSXoxsUOdKJI93whi7pnsQ=
[是周杰伦诶](http://weibo.com/u/2506947173)
刚才在111路上看见一对情侣小姐姐炒鸡仙炒鸡甜啊男朋友也是高大帅气型但是我还是被小姐姐迷住了小姐姐短发，衣服是米色系，微透雪纺衬衣+一步裙，笑起来心都化了他们在万达站下了不敢上前要微博怕被他男票打|郑州·二七...

[-] 一步裙
[-] 1526795439000|u/2506947173
| 2018-05-20 13:50 | iPhone 7 Plus |


tag.coun=1, tag=xPL4OWLBCzamZ+ugKO11d9rcd98=
[SSpongeBobSquarePantss](http://weibo.com/u/2598512522)
有一次周末我妈非要穿紧身一步裙出去我说你这样走路走楼梯能蹦得开嘛她很自信又带有嘲我的口气说怎么不可以我又不是你于是她用力大步跨大步抬腿于是裙子刺啦一声撕到底于是裙子就废了千万不要带妈妈去动物园有一个逗比的妈妈是什么样的体验简直是太可爱了

[-] 一步裙
[-] 1526801139000|u/2598512522
| 2018-05-20 15:25 | iPhone 8iPhone客户端 |


tag.coun=1, tag=E7ImKPX3SbLMJ9px3jKJdLuDoJk=
[服装制版缝纫课堂](http://weibo.com/u/2048085391)
一步裙服装制版方法#让做衣服成为一种乐趣##零基础学做衣服##服装缝纫##服装制版#

[-] 一步裙
[-] 1526894248000|u/2048085391
| 2018-05-21 17:17 | iPhone客户端 |


tag.coun=1, tag=GBHe2+/S7AQphy0Kuyo32tX1CKI=
[pink__007](http://weibo.com/u/1726136184)
一步裙实在不适合我这种走路大步流星的卡的我好几次就要摔倒了买条牛仔短裤换上保命

[-] 一步裙
[-] 1526906623000|u/1726136184
| 2018-05-21 20:43 | iPhone 6 |


tag.coun=1, tag=UqlFMgzto4pTbwIh4a1RJOHhi2o=
[躺在寿司上的喵_](http://weibo.com/u/2571627942)
上班突然觉得好饿，约了某人去买吃的我穿着公司的短T恤和一步裙远远的看着某人走来自然的脱了衣服披在我身上也许，这就是我愿意嫁给他的原因吧爱你，谢谢@我是小仙女的盖世大英雄

[-] 一步裙
[-] 1526979259000|u/2571627942
| 2018-05-22 16:54 | iPhone 7 Plus |


tag.coun=1, tag=Dzonw+ve45t8h6oHapTnDE+YrB8=
[我还是不是你的小星星叻](http://weibo.com/reneelyn)
我已经胖到一步裙拉链差点拉不上了刘亚男你清醒点！再吃再吃永远面不上南航了！

[-] 一步裙
[-] 1526995604000|reneelyn
| 2018-05-22 21:26 | iPhone 6s Plus |


tag.coun=1, tag=ETSyizIOC3XzPbyNzZUg0RkOqv0=
[晨光熹威](http://weibo.com/u/1822760410)
关键词：一步裙，三十度，太阳伞，晃瞎眼，热成狗。。。

[-] 一步裙
[-] 1527054483000|u/1822760410
| 2018-05-23 13:48 | iPhone客户端 |


tag.coun=1, tag=cDHbdPObmtzv8q6gIRh/TYZmsR0=
[星娱客](http://weibo.com/u/5101844765)
刘诗诗北舞劈叉系刘英俊果然是风一样的女子，姐姐一步裙都没有限制她的步伐，裙子限制住了岔劈的长短@刘诗诗

[-] 一步裙
[-] 1525377202000|u/5101844765
| 2018-05-04 03:53 | weibo.com |




# Word: 半步裙
http://s.weibo.com/weibo/%E5%8D%8A%E6%AD%A5%E8%A3%99


[SKIP] 展开全文c, lMtUSQIpddgnEwB3M4i6pxSmWUs=
[一荻_YIDI](http://weibo.com/shawdi)
前阵子买了条一步裙今天第一次穿刚走出楼门就发现走路竟然如此不方便原先我0.8米的步幅硬是给我缩小到0.4米这对我来说根本不是一步裙...展开全文c

[-] 半步裙
[-] 1498635425000|shawdi
| 2017-06-28 15:37 | iPhone 6 |


[SKIP] 网页链接, ly9S/6gIyQ/gdbOSewKbIXPd0+I=
[ZUCCOS卓蔻](http://weibo.com/zuccos)
今天天气好，一早晨起床就拍了组照片，我囤货多年的半步裙终于派上用场了。。。ACNE这个兔毛毛衣，很保暖，不扎人，就是会掉毛。但因为掉毛就不买她，就等着后悔吧，那不多不粘毛的裤子裙子都可以搭配的啊。。。链接：网页链接

[-] 半步裙
[-] 1385612415000|zuccos
| 2013-11-28 12:20 | weibo.com |


tag.coun=1, tag=lR+M6BmrxHzhoxxtS/kjCxxy2sc=
[1004庄女王](http://weibo.com/kafekafe)
大步流星的人一穿裙子就变怪人特别还是半步裙如履薄冰对于这个时候只想和你说不要摔倒了哈！

[-] 半步裙
[-] 1385779022000|kafekafe
| 2013-11-30 10:37 | Android客户端 |


tag.coun=1, tag=+5vwYJNZ4SbK4uNyaAfmh0mFYVE=
[流浪的大大大吃货](http://weibo.com/u/1665015251)
有些一步裙实际应该改叫半步裙好麻...

[-] 半步裙
[-] 1392771230000|u/1665015251
| 2014-02-19 08:53 | iPhone客户端 |


tag.coun=1, tag=tbuSoopV4qSAIvLL5XZC9ODmrsE=
[李火火sober](http://weibo.com/u/2847825427)
那些个幕前幕后忙忙碌碌的成功人士，认真的指挥着这儿指挥着那儿那些个自信潇洒插着口袋昂头大步走的范儿哥和那些个半步裙高跟踢踏踢的女强人那些个一打开车门就条件反射神演天赋的用手作阳伞遮着自己挡拍的名人那些个甚至巨娘炮的兰花指畅销作家所有的这些人，你喜欢的讨厌的都有个共通点，认真！

[-] 半步裙
[-] 1402798487000|u/2847825427
| 2014-06-15 10:14 | 小米手机2S |


tag.coun=1, tag=99EW4YLOhGetGiQSq9ILUDhF+bg=
[Do_not_missing](http://weibo.com/u/2936136497)
今天的一步裙咋回事，这个紧，都要成半步裙了。是屁股又翘了呢还是大腿又粗了呢，呢，呢。。。悲剧。PS:话说50KG不是1米6的女生最标准的体重么么么么么。

[-] 半步裙
[-] 1411886397000|u/2936136497
| 2014-09-28 14:39 | weibo.com |


tag.coun=1, tag=ognvGfPLmMvCLfS/6/s6F3gOge8=
[sashimirui](http://weibo.com/u/1829832773)
为穿上这条半步裙我也是够拼了各种不敢多吃不敢大步走，动作都细腻缓慢了就让我安静的做个斯文少女吧

[-] 半步裙
[-] 1421579818000|u/1829832773
| 2015-01-18 19:16 | iPhone 6 |


tag.coun=1, tag=0bGHFAwZQltk9A4K/gjUv7wS1n4=
[噼里啪啦吧吧吧啦吧](http://weibo.com/kikuef)
本来想我今天出门早错过一班就算了结果下一班车要等十多分钟然后我果断狂奔幸好今天不是穿那个半步裙不然就跑不起来了！虽然就跑了大概三十米但我感觉今天的运动量已经完成了…

[-] 半步裙
[-] 1436268377000|kikuef
| 2015-07-07 19:26 | iPhone 5s |


tag.coun=1, tag=czduXittu9hVcKrA42270kYs9SM=
[雨鸟远飞](http://weibo.com/u/3975232606)
一盏纸伞半步裙，窈窕紫衣现黄昏。斜风细雨古巷深，江南三月雨中人。旗袍寻旧梦，红伞手中天。古镇到处有，雨巷最江南。谢网友美图

[-] 半步裙
[-] 1398076275000|u/3975232606
| 2014-04-21 18:31 | iPhone客户端酷派手机 |


tag.coun=1, tag=7mhZNkUDL5ffEzrASwJafGyk6YA=
[囧小C_小馒头](http://weibo.com/cy79667034)
什么一步裙，明明是半步裙。。。还有人家怎么都那么瘦，我受刺激了，我得吃点东西压压惊！

[-] 半步裙
[-] 1465116170000|cy79667034
| 2016-06-05 16:42 | HUAWEI Mate 8 |


tag.coun=1, tag=D9tghfeQEU3pSQC50mlWA6SJ+GU=
[劉-小O](http://weibo.com/u/1823490652)
上班岂止是跑楼梯，是拎着裙子跑楼梯，半步裙

[-] 半步裙
[-] 1467162486000|u/1823490652
| 2016-06-29 09:08 | iPhone 6 |


tag.coun=1, tag=+QNGWG5AXEgZwdtLU6X1Q4UqVME=
[似虚似影](http://weibo.com/u/2488983992)
作为加班狗是没有资格炫耀什么的有时想真的应该低到尘埃里去啊然后因为刚好穿了身还算喜爱的衣服下班打卡刷脸也很顺利出门时风迎面吹来的凉爽刷朋友圈看大家都说台风要来了由于穿着半步裙便踩着小碎步优雅了起来心情同时也像猫一样慵懒恬静又有那么点小雀跃真好享自由身不由己却精神自由

[-] 半步裙
[-] 1467989996000|u/2488983992
| 2016-07-08 22:59 | iPhone 5s |


tag.coun=1, tag=2YzVoWZSotWCIbmn3G8V3fNuNj8=
[明空童鞋](http://weibo.com/u/2093513742)
我终于知道为什么录制的时候你走得辣么慢了，裙子有40斤，人家有一步裙，这个是半步裙，高跟鞋又辣么高，真心太不容易了！【#我们来了#微直播】#我们来了T台秀#压轴的来啦！雅芝姐还是辣么优雅端庄，弘队长还是那么王子范儿！两个人一步一步缓缓走来的时候，小偶觉得自己就身处在金碧辉煌的宫殿当中啊！恨不得所有美好的事物都给他们啊！#赵雅芝我们来了##袁弘我们来了#赵雅芝天价...

[-] 半步裙
[-] 1472219951000|u/2093513742
| 2016-08-26 21:59 | 专业版微博iPhone 6 Plus |


tag.coun=1, tag=9Y7GY8mIJBoeQ0z36N0mZuK3lwU=
[璀璨荼蘼](http://weibo.com/u/3211786507)
今天翻出了一件压箱底的长裙，当我穿上身的时候有点傻眼。对于我而言它是件半步裙，每次迈步只能走我平常的半步。可是我这个人走路速度又快，可现在迈不开步了，我只能加快步頻。想想都很很美。我现在已想不起我为啥会买它了。话说我这照片为啥有种蜜汁偷拍感。

[-] 半步裙
[-] 1474243714000|u/3211786507
| 2016-09-19 08:08 | iPhone |


tag.coun=1, tag=mJahQfT9j8EQPWkWfvceWAohbSE=
[黛_西_西_](http://weibo.com/u/3302969501)
我决定单方面宣布：正式将一步裙更名为半步裙。🙄🙄🙄

[-] 半步裙
[-] 1476153877000|u/3302969501
| 2016-10-11 10:44 | iPhone 6s |


tag.coun=1, tag=s7Syiy/tNKGH/IV34xDVZRZNSPY=
[_完美的小猫狗_](http://weibo.com/ariesjalovelove)
这个裙子应该叫做半步裙上不去车啊好不容易上车了发现自己下不来我不优雅我不优雅我不优雅|北京·首都...

[-] 半步裙
[-] 1498833283000|ariesjalovelove
| 2017-06-30 22:34 | iPhone 7 Plus |


tag.coun=1, tag=GuIYzdbTFdkiqrYw0mkdd676mS4=
[我想当僵尸粉](http://weibo.com/xiangqq)
这不是一步裙啊！是半步裙啊，小碎步走得我心累！

[-] 半步裙
[-] 1525684078000|xiangqq
| 2018-05-07 17:07 | iPhone客户端 |


tag.coun=1, tag=r1fJt8FfNMYtZlrZWAzAKUaCxM4=
[一颗长在心尖的朱砂痣](http://weibo.com/u/5189514048)
这种一步半步裙简直限制大哥我行走的自由

[-] 半步裙
[-] 1526258351000|u/5189514048
| 2018-05-14 08:39 | iPhone客户端 |




# Word: 长窄裙
http://s.weibo.com/weibo/%E9%95%BF%E7%AA%84%E8%A3%99


[SKIP] 2818960972, UTfwA9+IFvL+7lAPrIjpggGY6vg=
[MOODaily](http://weibo.com/u/2818960972)
2017#国际小姐#选美大赛（第57届）在日本东京举行决赛，由印尼（印度尼西亚）佳丽KevinLilliana艳压群芳，夺得后冠。KevinLilliana在民族服装项目中，以一袭紫色露肩上衣和开高叉长窄裙亮相，并戴传统斗笠，展现女性婉约魅力，同时她也夺得了MissBestDresser。这次选美共有69个国家或地区的...展开全文c

[-] 长窄裙
[-] 1510817850000|u/2818960972
| 2017-11-16 15:37 | Android客户端 |


[SKIP] ；, X43Tsw5htsgyldIrD2+H74U6gL8=
[CAMEL__LUO](http://weibo.com/u/1362296893)
新年第一天，遇见一位轮廓分明，蓄着银白胡须的清洁工爷爷：遇见一个生着病却还给奶奶讲灰姑娘故事的小萝莉；遇见一位打扮如日本小老太的中国奶奶，穿着下半身长窄裙，复古皮鞋，背着小背包......

[-] 长窄裙
[-] 1388565497000|u/1362296893
| 2014-01-01 16:38 | 小米手机2S |


[SKIP] ；, clAzh7HtoEP/TjdXy3xY7Bi9cv8=
[蛋花苏苏](http://weibo.com/u/1793102447)
曼谷的人们脸黑黑的，但并不影响他们的友善，不仅不介意被拍照，还常露出笑容高度配合。大皇宫门口的守卫面对争相合影的游客，即便一动也不能动，仍能眼神顾盼照顾镜头；但我更愿意借由街角擦身而过的学生妹来感受泰美好，只可惜长窄裙校服这几年换成了A字裙，裙子下会说话的表情一下子模棱俩可了起来

[-] 长窄裙
[-] 1352048138000|u/1793102447
| 2012-11-05 00:55 | iPad客户端 |


[SKIP] 网页链接, avU8nxhjkrGZxnEJpW6rDyNZ1zo=
[芊香蝶语](http://weibo.com/u/1788800733)
我刚刚回应了@幻想是个没有边界的词在[@蘑菇街小组]发表的主题《适合158女孩子秋冬季穿的好看的长窄裙》：网页链接

[-] 长窄裙
[-] 1347102825000|u/1788800733
| 2012-09-08 19:13 | 蘑菇街 |


tag.coun=1, tag=IAFPw7pTbrCq0/ZpWCs0fwgHDn4=
[何霞](http://weibo.com/hexia921)
刚才打伞的是哪个国家代表团来着，这不是抢英国风头嘛喜欢丹麦女选手那套，红开衫搭配黑色半裙，还有文莱女生那抹绿色紧身长窄裙还有各种走最炫民族风的名字念起来拗口的小国家。

[-] 长窄裙
[-] 1343426786000|hexia921
| 2012-07-28 06:06 | MOTO锋芒智能手机 |


tag.coun=1, tag=93D4Fw+PJW6haAFoxEtyestQQtA=
[安弗客-马峥](http://weibo.com/u/2651527093)
十一之前希望趁长假有所改变，从头开始，剪了个短发，又新入手了一条长窄裙，上班第二天就淑女了一把！但是~姑奶奶真受不了这身束缚，行动真是不方便啊~看来这辈子也不可能走上OL路线了~我认命！！！

[-] 长窄裙
[-] 1349771028000|u/2651527093
| 2012-10-09 16:23 | weibo.com |


tag.coun=1, tag=76bt4HjUe7ZbnymVfNzLfewKwt0=
[HighLine潮鞋](http://weibo.com/highlinechina)
#至in单品##JCC#延伸了一系列的设计，细高跟与豹纹的结合散发女性迷情氛围，此靴款搭配过膝长窄裙体现大牌质感风范。（图中鞋款：@JC-COLLEZIONE女鞋）

[-] 长窄裙
[-] 1377403217000|highlinechina
| 2013-08-25 12:00 | 皮皮时光机 |


tag.coun=1, tag=y6syK7CLypEFi4JuxIpYV8/Arfk=
[蔡佳妮Bonnie](http://weibo.com/u/1812763682)
一日穿搭~~~荷葉上衣x長窄裙x尖頭鞋有秋天的感覺了吧[xkl搖尾巴]

[-] 长窄裙
[-] 1380992426000|u/1812763682
| 2013-10-06 01:00 | weibo.com |


tag.coun=1, tag=Tz/9ikDKb5DvlZ9SNM6MN5MXFf0=
[严基俊家族](http://weibo.com/umkijoon)
【JTR】金法莱更推：严丹尼尔，俊安德森，法杰克~#严基俊##金俊贤##开膛手杰克#（法莱叔完全推特控啊某人的裤管....一支裤管能装他两条腿的节奏啊.....以后干脆穿一条长窄裙好了，不要浪费布[挖鼻屎]）

[-] 长窄裙
[-] 1383641990000|umkijoon
| 2013-11-05 16:59 | iPhone客户端 |


tag.coun=1, tag=KZ9Ty2YDMonasSKTtxvkthF7LeU=
[蓝紫青灰](http://weibo.com/lanziqinghui)
这件短袖开衫应该羊绒的，这么柔软。浅杏色，镂空花，领口小木耳摺皱边，牛角扣（换贝壳圆扣应该更好，不会把扣眼挣大），配海军蓝长窄裙，十分好看。@欧美二线品牌我找到一件相似，可惜这颜色没我的号了。

[-] 长窄裙
[-] 1390463771000|lanziqinghui
| 2014-01-23 15:56 | weibo.com |


tag.coun=1, tag=TrrWkE3G2a9/vX+hRUsLTrHLigk=
[静雪如嫣](http://weibo.com/jingxueruyan)
经过昨天大雨的洗刷，今天的天空是湛蓝的，心情也雨过天晴，在出门前选择了常在周末出现的Burberry伦敦女香，白衬衫、长窄裙、黄丝巾，渲染着美丽的心情，中午留在办公室补充睡眠。无意中看到一张图他的笑容可以温暖世界，如此美好〜

[-] 长窄裙
[-] 1401240555000|jingxueruyan
| 2014-05-28 09:29 | iPhone客户端 |


tag.coun=1, tag=BOgdih0Gl8s0E++swMTBVKL+nbk=
[momoka様](http://weibo.com/momoka0706)
初三听这首歌简直影响了我的人格跟审美观。。。化妆只喜欢强调红唇，身材只喜欢纤瘦的类型，还有黑眼黑发东亚女生的那种神秘感。而且至今都很喜欢黑色的长窄裙。朴姐姐现在还是那么美啊〜〜〜

[-] 长窄裙
[-] 1402235982000|momoka0706
| 2014-06-08 21:59 | 美图秀秀iPhone版 |


tag.coun=1, tag=cokKaKmV02xlYxgXU4ipn60SuaY=
[阳光下的小白牙](http://weibo.com/u/2675806851)
走路上班，每天能遇见一个瘦瘦的女孩穿着恨天高长窄裙从南楼走到基地。今天有一老头开着摩托巨大声唱京剧，唱的特有味道。有些风景慢下来才能看的到。

[-] 长窄裙
[-] 1409875194000|u/2675806851
| 2014-09-05 07:59 | Android客户端 |


tag.coun=1, tag=X8md5jg0uABapcrSPGsvKv4xko0=
[趙小僑](http://weibo.com/u/1756771203)
來個幹練的造型吧❤️！大花苞袖子整個誏氣勢上升，長窄裙是今年秋冬自己很想嘗試的穿著呢！有沒有一些女主管的fu呢？呵呵

[-] 长窄裙
[-] 1412764549000|u/1756771203
| 2014-10-08 18:35 | iPhone 6 Plus |


tag.coun=1, tag=YUeWduSsme4zp50x9ouC7H6Ni/c=
[英语舌](http://weibo.com/219893123)
#天天学英语#女士正装里的西服裙，套裙怎么说？pencilskirt，像铅笔一样直直的裙子。真的很形象。Mythighsarebigsoapencilskirtdoesn'tsuitme.我的大腿很粗，所以长窄裙不适合我。thigh是大腿的意思。

[-] 长窄裙
[-] 1415674843000|219893123
| 2014-11-11 11:00 | vivo_X5Max |


tag.coun=1, tag=jTx4OdsOp++QKuNh3/vLhQZuU9A=
[lo9998lo](http://weibo.com/u/3670556305)
Guzel-Tesaduf.MAR/2015【精選單品】彈性布料剪裁條紋長窄裙洋裝兩色/黑白初春最強~★直條紋長窄裙~這樣穿很正哩！by-kiki^^.

[-] 长窄裙
[-] 1427366893000|u/3670556305
| 2015-03-26 18:48 | weibo.com |


tag.coun=1, tag=BpvFflPJfsjDNyRLIIJoCVBf6TU=
[来人呐给朕挠挠](http://weibo.com/u/2686381902)
一个问题。如果穿着长窄裙…去洗手间的话。。裙子何去何从？是缠在腰上吗？

[-] 长窄裙
[-] 1433806770000|u/2686381902
| 2015-06-09 07:39 | iPhone 6 |


tag.coun=1, tag=wGaxPxPFr/L3e1HVFOu/EkXOOH8=
[花道下士](http://weibo.com/908282010)
所以一直觉得英伦上世纪20年代低腰长窄裙绝对是既低又平的福利…VictoriaBeckham最近爱上了这样低腰宽裤配平底凉鞋的装扮，日常工作出街与自家大秀谢幕都在穿～现在已经彻底转型女设计师的贝嫂此番亲身示范，清爽舒适，还比高跟鞋更时髦～

[-] 长窄裙
[-] 1473681423000|908282010
| 2016-09-12 19:57 | 微博 weibo.comNENG潮儿のAndroid |




# Word: 铅笔长裙
http://s.weibo.com/weibo/%E9%93%85%E7%AC%94%E9%95%BF%E8%A3%99


[SKIP] 新浪时尚, jAJGZ9Wmow6jJ9o8FWxAaV720EY=
[新浪时尚](http://weibo.com/sinafashion)
#2018春夏时装周#【#纽约时装周#|@VictoriaBeckham2018春夏系列】“女人精致但不失坚韧”是本季主题，通透与柔和的色彩是这一季主打的流行趋势。所以干练的格纹衬衫，透明的铅笔裙，粉嫩的配色以及飘逸的长裙都表达出女性追求精致生活，温柔但不失强势的个性。T台图集>>>|VictoriaB...更多...展开全文c

[-] 铅笔长裙
[-] 1505099143000|sinafashion
| 2017-09-11 11:05 | weibo.com |


[SKIP] 展开全文c, rtaFOgXbMpipgh/Xs015q0G7nQs=
[时尚芭莎](http://weibo.com/bazaarchina)
#2018S/SNewYork##芭莎带你看时装周#@VictoriaBeckham在2018纽约春夏时装周上带来了一场充斥着女性细腻柔软的时装大秀，衣服线条仍然是熟悉的职场女精英的专配：衬衫、裹身铅笔裙、西服套装、修身长裙......但是，使用浅彩色之后，所有的强势都被化作轻轻绕指柔，尤其是半透明材质的裹身裙与衬衫...展开全文c

[-] 铅笔长裙
[-] 1505094166000|bazaarchina
| 2017-09-11 09:42 | Weibo |


[SKIP] 展开全文c, veUDTB0GQfJAwlDpjaL66S7PB3w=
[K苏栀儿](http://weibo.com/sscc1225)
老照片绿色植物鹅卵石烟火有香气的白色小花薄荷绿色青橘柠檬陈奕迅棉麻衬衫大海铁制笔盒抹茶蛋糕糖果帆布鞋阳光蔓越莓曲奇天空马尔克斯鲜活的花朵文艺风象寂静的夜晚明信片碎花长裙铅笔在白纸上写字发出的沙沙响声快门的声音落叶的颜色他眼睛深处的笑意阅读英文圆体柠檬...展开全文c

[-] 铅笔长裙
[-] 1489925536000|sscc1225
| 2017-03-19 20:12 | weibo.com |


[SKIP] 同款, XnyJBWgxrGXdJ++Eu+d+KtVQ0P8=
[美国败家控](http://weibo.com/u/3881021356)
肯豆同款！AlexanderWang官网精选DenimXAW系列牛仔外套热卖肯豆这件宽松长款的Daze牛仔外套有没有敲百搭！搭短裤是“boyfriend”式的慵懒、性感，秋天配长裙、铅笔裤也是保暖又时尚。网页链接DenimXAW这个系列还有春春合作的T恤，可惜北美买不到，中国官网和北京上海店内有售，嗯...展开全文c

[-] 铅笔长裙
[-] 1471280317000|u/3881021356
| 2016-08-16 00:58 | weibo.com |


[SKIP] 搭配要点, oP0XFftdYPK8ohWeTNF+ANTgH6w=
[血泊中的1女子](http://weibo.com/u/5019995045)
搭配要点：黑色趣味印章短外套+拼色铅笔口袋长裙+拼色复古粗跟鞋+黄色背包。

[-] 铅笔长裙
[-] 1446273309000|u/5019995045
| 2015-10-31 14:35 | weibo.com |


tag.coun=1, tag=C7WCV5l2dxTuXbaPcUsge3mSiKs=
[月野丸子服装搭配](http://weibo.com/u/1746150703)
CanCam不喜欢穿T恤的MM可以选择下摆打结的无袖衬衫，格子、纯色、印花、牛仔元素的都很甜美，可以搭配A字裙、铅笔裙、短裤、七分裤，还有莫代尔长裙也可以搭配衬衫。

[-] 铅笔长裙
[-] 1435842126000|u/1746150703
| 2015-07-02 21:02 | 搜狗高速浏览器 |


tag.coun=1, tag=1DjdSdMbZw9vs2NaNy8+c/5Xr70=
[Karlie-Kloss](http://weibo.com/karliego)
#KarlieKloss#10月21日KarlieKloss纽约身穿黑色蕾丝长裙出席PencilsofPromise铅笔的承诺教育组织慈善宴会.该组织是帮助发展中国家建立学校为儿童提供教育的非盈利组织

[-] 铅笔长裙
[-] 1445485286000|karliego
| 2015-10-22 11:41 | iPad客户端 |


tag.coun=1, tag=IH58T9dXD53kwlL+cJ7HdYX9UgA=
[北美时尚快报](http://weibo.com/fashionmoon)
【Lookbook】OscardelaRenta的度假系列，与其他品牌不一样，并没有大把大把飘逸的长裙，反而更多套装和铅笔裙，但是碎花的图案让上班族们也可以感受到夏天的花朵

[-] 铅笔长裙
[-] 1464009934000|fashionmoon
| 2016-05-23 21:25 | iPhone 6s Plus |


tag.coun=1, tag=jTSqajsjy1M+fDIMiCy46Hq8TZ4=
[矮六](http://weibo.com/u/5717280277)
每次看同人菌的微博总是深受打击……只是一个玫瑰长裙的铅笔稿，会找时间老实填坑的，或许今年，或许明年嗯……（滚滚滚。#奇迹暖暖#@暖暖同人花园@奇迹暖暖同人花园【至于那坨花就不用看了嗯

[-] 铅笔长裙
[-] 1487127389000|u/5717280277
| 2017-02-15 10:56 | 红米Note 2 |


tag.coun=1, tag=gPz6FNYHjy1KtNLWtE2GCAiRXCU=
[沙媞子](http://weibo.com/titisa)
又能彰显训练痕迹，又能遮住被壶铃砸的膝盖淤青的高腰包臀铅笔长裙怎么还没到

[-] 铅笔长裙
[-] 1495245387000|titisa
| 2017-05-20 09:56 | iPhone 7 Plus |


tag.coun=1, tag=jhWuDGs70VoNK/Snhc9mVAZEqic=
[日本YO妆店工作者_你夏美姐](http://weibo.com/u/5377009037)
末班车真精彩几次突然停车差点晃倒鞋被挤掉了脚趾头也差点儿被踩掉了看到一个穿紧身铅笔裤的汉子妖娆的背影看到个穿白色长裙的纯洁？汉子还看到一个乘客下车没发现自己手机被挤掉了被后面乘客追出电车还给他、没给他新买iPhone8的机会

[-] 铅笔长裙
[-] 1506094960000|u/5377009037
| 2017-09-22 23:42 | 西瓜味儿的iPhone 7 |


tag.coun=1, tag=opWyM6rmP5mjjN3QaabAM/3JdFs=
[施_丝丝](http://weibo.com/shisi0626)
🏻超保暖羽绒服！短短的配长裙超级时髦！配铅笔裤就很显高！！！施_丝丝的...

[-] 铅笔长裙
[-] 1512717396000|shisi0626
| 2017-12-08 15:16 | iPhone X |


tag.coun=1, tag=u1Z6SsfMRzgaAKZ/YuoTy/iPljs=
[安妮时尚说](http://weibo.com/u/6041830341)
#刘嘉玲#复古长裙优雅迷人，林允铅笔裤秀大长腿安妮时尚说...

[-] 铅笔长裙
[-] 1513947265000|u/6041830341
| 2017-12-22 20:54 | 微博网页 |


tag.coun=1, tag=Le+CsjJwchXF0fKuGYnFr3j1THk=
[Schadow](http://weibo.com/u/2800247940)
我比较喜欢我今天某一个场景的样子。描述一下:我上面穿深蓝色轻薄宽松系带短款棉衣，黑色铅笔长裙，站在银行自动提款机那里出对账单，一共有十几张，我一边啃面包，一边看手机。一个阿婆走过来，大概看我太闲适了，说:我要用机器!我说:好啊，那您得等着哈！

[-] 铅笔长裙
[-] 1517517758000|u/2800247940
| 2018-02-02 04:42 | 华为P9手机摄影再突破 |


tag.coun=1, tag=dH8E6wS/RcUKOhNbghI6sr5IrKc=
[陶玩玩要布丁](http://weibo.com/u/2843945730)
早上出门涛哥：你只能穿铅笔裤和长裙我：为什么涛哥：你小腿太粗然后涛哥开始示范做瘦腿的动作然后：你要这样慢慢做！不要太快！只要消耗脂肪就可以了！做太快的话！估计我不要你了！我：

[-] 铅笔长裙
[-] 1521696728000|u/2843945730
| 2018-03-22 13:32 | iPhone客户端 |


tag.coun=1, tag=R/FX1bsVot+5DWote5f+E4lzCow=
[一杯春夏](http://weibo.com/u/5452574126)
买铅笔付钱的时候，老板娘把手机递过来，一条蕾丝长裙，大红，鹅黄，黑。她问：那个颜色好看?我：黄色好看。她笑得很开心：好看，但我可能穿不出来。我：夏天了穿亮的颜色好看开心～

[-] 铅笔长裙
[-] 1525273620000|u/5452574126
| 2018-05-02 23:07 | Weibo.intl |




# Word: 牛仔长裙
http://s.weibo.com/weibo/%E7%89%9B%E4%BB%94%E9%95%BF%E8%A3%99


[SKIP] 新浪时尚, n/zI12dwVBQqyxuUKtslrde+prk=
[新浪时尚](http://weibo.com/sinafashion)
#明星爱大牌#【#林志玲#长裙混搭运动鞋】近日，现身机场的@林志玲身穿牛仔风衣内搭长裙现身。已经拥有大长腿的林志玲，私服造型中很少再选择高跟鞋，当天她也是混搭了一双Converse×JWAnderson运动鞋，搭配RogerVivier手袋，十分靓丽>>>|林志玲深V...

[-] 牛仔长裙
[-] 1525309628000|sinafashion
| 2018-05-03 09:07 | weibo.com |


[SKIP] 展开全文c, B4g8OAd7Qn8+JFmzwbpn4ZC7QfA=
[李大米Lidami](http://weibo.com/lidami13)
恭喜@Partu_UPUP等2名用户获得【牛仔长裙或条纹裤子】。微博官方唯一抽奖工具@微博抽奖平台-|豪华版对本次抽奖进行监督，结果公正有效。公证链接：|微博抽奖平...#微博橱窗#周四，5/17上午十点上❤️新转发抽俩位美少女送【拼色牛仔长裙】或【非常舒适的侧条纹裤几】很别致的牛仔单排扣长裙扣子都可以解开...展开全文c

[-] 牛仔长裙
[-] 1526391288000|lidami13
| 2018-05-15 21:34 | iPhone 8 Plus微博活动 |


[SKIP] 展开全文c, ArwKEchxmBUErjIzm13b838nLV8=
[chyzzsw](http://weibo.com/u/1954002825)
#一只猪的小日子#由于我穿了条牛仔长裙我姐穿了雪纺短裙然后只能由最不方便的我开摩托回家的时候她脑子一热说要坐横的...展开全文c

[-] 牛仔长裙
[-] 1526014343000|u/1954002825
| 2018-05-11 12:52 | 华为P9手机摄影再突破 |


[SKIP] 展开全文c, BanikVlNAql3oC1sMTAodS8jymY=
[北京卫视](http://weibo.com/btvbeijing)
【我的#母上大人，您真美#】年少时喜欢穿文艺的长裙，也穿过嘻哈的牛仔，虽然少了年轻时的容颜，但对于母上大人，谁能否认她的美呢？！母亲节即将到来，欢迎私信给“小新”，附上你母上大人的靓照和你想对她说的“甜言蜜语”哦！被选中的粉丝将获得精美小罐茶，@新华网将在母亲节秀出那个你最爱...展开全文c

[-] 牛仔长裙
[-] 1526009703000|btvbeijing
| 2018-05-11 11:35 | weibo.com |


[SKIP] 白菜, gTeW2G1r/rj5IlbxDkp+L6fvsu4=
[人间精品幽默嗨](http://weibo.com/u/3283884421)
韩版深蓝色牛仔背带长裙女童￥49领券拍：|【10元券】...省钱白菜内部券：|内部优惠券...

[-] 牛仔长裙
[-] 1525858189000|u/3283884421
| 2018-05-09 17:29 | weibo.com |


tag.coun=1, tag=034YinHheOHgMUa7ja5nA1pEe24=
[shmily_yyy](http://weibo.com/shmily3y)
没想到是这么嗲的牛仔长裙。#李宇春戛纳电影节##李宇春流行##戛纳电影节#李宇春穿过机场人潮，已经抵达戛纳下榻的酒店了（刚才机场太挤，都没看清春春穿的是牛仔裙）。明天她将亮相开幕红毯。

[-] 牛仔长裙
[-] 1525693425000|shmily3y
| 2018-05-07 19:43 | 华为手机 |


tag.coun=1, tag=ucezMnxu97mZg5Zs+nyPFvPqkzE=
[urnot丽萍儿](http://weibo.com/u/1796804454)
哇牛仔长裙！！！非常酷了！！会长抵达尼斯机场啦！大家一起期待春春#戛纳电影节#开幕式红毯造型吧！#欧莱雅值得说#@李宇春疯狂工作室

[-] 牛仔长裙
[-] 1525694804000|u/1796804454
| 2018-05-07 20:06 | 微博 weibo.comiPhone客户端 |


tag.coun=1, tag=vBZkgUVvmlZXmhmuc0yxEXsJi54=
[得失皆为自然](http://weibo.com/u/5695429188)
牛仔长裙，你从我身边走过，是不是都没发现有这么一个人？对于不想见的人，自动忽略……

[-] 牛仔长裙
[-] 1525777996000|u/5695429188
| 2018-05-08 19:13 | iPhone客户端 |


tag.coun=1, tag=2oyRFOCeFJxcdIcyd5wk+C7o2/I=
[柴田崽叽](http://weibo.com/u/3881512997)
@小侨Jofay小侨家的包包，超级无敌百搭加好看，@陈洁kikiK姐家的西装小马甲，已经不知道哪一年买来的牛仔长裙|东阳·横店...

[-] 牛仔长裙
[-] 1525935298000|u/3881512997
| 2018-05-10 14:54 | iPhone客户端 |


tag.coun=1, tag=IOWPhCKZJVw5L9WZKY9d2FJsmDo=
[远比我失去的更加珍贵](http://weibo.com/u/2171717970)
太无聊了把两条放在柜子里长达两年之久的牛仔长裙拿出来，试了试，真真是憋到不行，灵机一动把长裙剪短，一试，竟然奇迹般显瘦，卧槽你说稀奇不稀奇

[-] 牛仔长裙
[-] 1526114744000|u/2171717970
| 2018-05-12 16:45 | 柔光自拍vivo X7 |


tag.coun=1, tag=7FpoFUN96psv0zc5Iv4FW084eJU=
[Ashhhih](http://weibo.com/u/5937870689)
黑吊带➕驼色前短后长裙➕高跟鞋➕牛仔外套白t/吊带➕黑白格裙裤➕牛仔外套

[-] 牛仔长裙
[-] 1526049531000|u/5937870689
| 2018-05-11 22:38 | iPhone客户端iPhone客户端 |


tag.coun=1, tag=EZKwmEV7aqof9GwtpupHuoZLPmM=
[郭郭郭郭郭八歲](http://weibo.com/u/2796268167)
两年前买的牛仔长裙，当下就觉得有点难穿上去，昨天突然想起来，心想完蛋生完孩子肯定穿不上了，结果早上试了一下，竟然比两年前还要容易穿，真是妈妈节快乐了～

[-] 牛仔长裙
[-] 1526259627000|u/2796268167
| 2018-05-14 09:00 | HUAWEI P10 |


tag.coun=1, tag=LKrxCz1P/fLEsTd4+yzskii5BQk=
[翁小晶Rebecca](http://weibo.com/u/1785855313)
今天中午回头率很高，感觉是因为我穿白T搭了黑色的大裤衩子，小白鞋，随性地撑着伞，右手一杯西瓜汁，边走边和旁边美丽的小姐姐@乔叶沐风说话。女生要么牛仔短裤牛仔裙，要么长裤长裙，像我这样运动五分裤真的太少了，准备再买一条

[-] 牛仔长裙
[-] 1526279036000|u/1785855313
| 2018-05-14 14:23 | OPPO智能手机 |


tag.coun=1, tag=Yma3ixmTLGTcdSeVi0jAJ/Dnl3s=
[菌菌团](http://weibo.com/u/5144240032)
【59】法琪莎魔术贴松糕凉鞋，搭配牛仔短裙，短裤，长裙都好看，两个颜色#点赞评论随机送红包#

[-] 牛仔长裙
[-] 1526294292000|u/5144240032
| 2018-05-14 18:38 | weibo.com |


tag.coun=1, tag=RMnzrI58OQKd+gSTKwy3wtLEWmA=
[冇故仔的废柴](http://weibo.com/u/2941730307)
明日是穿一袭长裙呢还是一条牛仔裙@Gahana

[-] 牛仔长裙
[-] 1526316337000|u/2941730307
| 2018-05-15 00:45 | iPhone客户端 |


tag.coun=1, tag=DeXRFM5b6DpE0yfA0hneVC2XK6w=
[坲埃克斯点](http://weibo.com/u/2498550895)
微雨过，小荷翻，榴花开欲燃。看老腰褪牛仔着长裙嘞。

[-] 牛仔长裙
[-] 1526778426000|u/2498550895
| 2018-05-20 09:07 | 小米Note 3 拍人更美 |


tag.coun=1, tag=OZcRQ9SYtB6H/aH/w+dsEsNwZEI=
[是受不受](http://weibo.com/u/3053053567)
mm好会穿，哪里买的漂亮牛仔长裙

[-] 牛仔长裙
[-] 1526845427000|u/3053053567
| 2018-05-21 03:43 | 猫咪饲主&iPhone 6s(玫瑰金) |


tag.coun=1, tag=0OQ4Y5s86apDDITUEGtbz3xd/bw=
[RWFFFly](http://weibo.com/u/2617830877)
我今天早上穿了从衣柜挖出一条蓝色牛仔半长裙，穿上又脱下换破洞牛仔裤，真的到了觉得穿什么都不好看的年纪吗最近好像没什么状态，心里总是很空，没有安全感，对未来很恐惧！！！也许是出现了一些莫名奇妙的怪事，心理在作祟，想去算个命……|宁波·月湖...

[-] 牛仔长裙
[-] 1526877802000|u/2617830877
| 2018-05-21 12:43 | iPhone客户端 |


tag.coun=1, tag=0OZeJ6MgcwymCucnewSrNxKsHp4=
[明星图集](http://weibo.com/eliunet)
近日，林志玲身穿牛仔风衣内搭深V长裙现身机场，低胸的设计让志玲姐姐大秀傲人身材。

[-] 牛仔长裙
[-] 1525300231000|eliunet
| 2018-05-03 06:30 | weibo.com |


tag.coun=1, tag=J7UX0ceYPAVSAisIGqbMC5Wc89o=
[街拍滚叔](http://weibo.com/gunshu)
5月8日街拍更新，牛仔衣配花长裙的女王范

[-] 牛仔长裙
[-] 1525864147000|gunshu
| 2018-05-09 19:09 | weibo.com |




# Word: 一步长裙
http://s.weibo.com/weibo/%E4%B8%80%E6%AD%A5%E9%95%BF%E8%A3%99


[SKIP] TFBOYS, FrHlt/HD/mPsGNz8NynjzxCwJT8=
[撒泼打滚的拖把](http://weibo.com/u/5087432316)
穿的长裙还是一步裙么？？？//@一碗雪梨汤:我…那啥…emmm…那啥了……🙈有人跟我一样喜欢这身吗哈哈哈🙊@TFBOYS-王俊凯|圆梦一代网页链接#王俊凯#@TFBOYS-王俊凯凯Boss的520手写告白～在海滩上留下一篇日记，每颗沙砾都见证着时光年轮里的默契和心意。抓紧时间去爱去梦想，去把感动和可爱藏进心房。海风怀抱着许多心软的呢喃，Nothing&#039;sgonnachangemy#karry王的日常#王俊凯Karr...

[-] 一步长裙
[-] 1526787160000|u/5087432316
| 2018-05-20 11:32 | iPhone客户端 |


[SKIP] 展开全文c, In+QX0e8AoCQOINVqsRK0hBWoqw=
[浪子张天艺](http://weibo.com/u/6543915425)
当故事里出现我们的名字当想你的情思蓄满一池故事如花朵朵开成幸福的模样情思如诗句句都是虔诚的向往当你的脚步终于路过我的耳朵...展开全文c

[-] 一步长裙
[-] 1526078624000|u/6543915425
| 2018-05-12 06:43 | vivo智能手机 |


[SKIP] 展开全文c, 0lphANYmiZKy8YupE8INSk+jsGY=
[Mycuuutie_Lingco](http://weibo.com/u/5911088550)
那些植物女子，是朵朴素的花，或野生的树，有着明确的生活姿态。不大众，不随波逐流。亦不过于小众，不落落寡欢。她着布衣，粗麻鞋，挽了长发，插上银簪。她坚持手书，自制清茶，一日三餐亲力亲为，并且搭配得绿肥红瘦。自己染布，把自己的画印上去，然后设计好那独一无二的长裙，粗麻，到脚踝，一步一...展开全文c

[-] 一步长裙
[-] 1521734535000|u/5911088550
| 2018-03-23 00:02 | OPPO R9s |


tag.coun=1, tag=Yjszc7LWO0hI/NHKRWiSgHzsn3Q=
[没理想小姐](http://weibo.com/u/1959276064)
橙纪开叉一步裙长裙【38】

[-] 一步长裙
[-] 1521427179000|u/1959276064
| 2018-03-19 10:39 | weibo.com |


tag.coun=1, tag=RUeAuaDUhkePSDLI6Ra1nnzRGUw=
[肥番茄Kikyou](http://weibo.com/u/5081429568)
我可能不太适合穿长裙，上台阶总喜欢一步两个阶，这样下去早晚摔死我自己

[-] 一步长裙
[-] 1521792421000|u/5081429568
| 2018-03-23 16:07 | 华为手机 畅享玩不停 |


tag.coun=1, tag=MODUTjMOsPDfkThkuLCz+MEKDj8=
[说我胖的人要叫我一声爹](http://weibo.com/u/5626954646)
布鲁玛夫人将女性从不便行动的长裙和硬性束腰的胸衣中解放出来之后，我希望女性解放的下一步是：不穿。

[-] 一步长裙
[-] 1522203977000|u/5626954646
| 2018-03-28 10:26 | iPhone 6s Plus |


tag.coun=1, tag=8DD7DrAgKHWBtpg9oLYfzFYsXrU=
[Carol年龄50岁](http://weibo.com/carolcheung2)
买了一双木屐，准备夏天穿。打算再买一条一步的长裙，白底蓝花的纱质地的。网友：你这双鞋太禁欲了，难怪那个素人公司找你拍片子。卡罗：。

[-] 一步长裙
[-] 1522723338000|carolcheung2
| 2018-04-03 10:42 | iPhone客户端 |


tag.coun=1, tag=Ma/16rYo3uWxRsGlMIk33nOUjRw=
[Modernland摩登大陆](http://weibo.com/tarawustore)
JACQUEMUS这件秀款我买了，以身试法的结果，图片的中长款我直接穿成了长裙，裙子蓬摆处缝了硬塑料片，和每走一步都剌腿的硬网纱，被我都改了以后也就是勉强能穿，对这个牌子真是爱恨交加啊！

[-] 一步长裙
[-] 1523091736000|tarawustore
| 2018-04-07 17:02 | iPhone 6s Plus |


tag.coun=1, tag=VTvs3eoBe2ldElZwHZXCMOIqGR4=
[天空young-](http://weibo.com/u/5044009032)
穿长裙很无奈的是我走一步能把自己给踩回来

[-] 一步长裙
[-] 1524714579000|u/5044009032
| 2018-04-26 11:49 | Android |


tag.coun=1, tag=GfXwyI7SWYV0vIMwNvN+L4TPrpg=
[妖精妖怪的名单](http://weibo.com/u/6531751001)
喜欢长裙，每走一步，都踢成一朵花盛开在脚边

[-] 一步长裙
[-] 1524789846000|u/6531751001
| 2018-04-27 08:44 | iPhone客户端 |


tag.coun=1, tag=j/HgAtjqG2q9EwHyTxKNIHZb7ZU=
[醉酒暴嗑戶啾嗯](http://weibo.com/u/2274432850)
#20180430我想同你飞到夏天的海岛边边，穿着蓝色长裙踩海浪翩翩。仍甩着水滴的双脚一步并作两步踏进有着木头阶梯的民宿，刚从冰箱里拿出来的西瓜在空调下也渗出点点汗珠。李泽言说好，他说我们明天就去夏威夷！耶୧("̮)୨✧ᐦ！

[-] 一步长裙
[-] 1525111789000|u/2274432850
| 2018-05-01 02:09 | 红米4X超长续航 |


tag.coun=1, tag=Pq24rS68q2GdelVJHnh3HNz+QCA=
[苏阿翡](http://weibo.com/u/1909208833)
绝望穿长裙每一步都踩在裙摆上

[-] 一步长裙
[-] 1525311506000|u/1909208833
| 2018-05-03 09:38 | iPhone 6s |


tag.coun=1, tag=fpoEIPLspMuuZAdLCU4kxrAwIJc=
[小头萝卜AT](http://weibo.com/u/3944178829)
爸爸我的少女心啊穿着一步长裙然后翻栏杆进来的牛逼坏了

[-] 一步长裙
[-] 1526298012000|u/3944178829
| 2018-05-14 19:40 | HUAWEI nova 2 Plus |


tag.coun=1, tag=8pouok9jDaUXkcCVUoOQt4dH1cs=
[蓝小特兮](http://weibo.com/u/2271345894)
幽深的长裙一直延伸到她的脚踝，随着轻快的步伐流转着，一步一荡，活泼的蓝色若隐若现......谁不喜欢轻盈飘逸呢？只有身体轻若紫燕，我们的灵魂才能自由飞翔啊。

[-] 一步长裙
[-] 1526394966000|u/2271345894
| 2018-05-15 22:36 | iPhone客户端 |


tag.coun=1, tag=qQ3iFn1cRVieAA5sRvfDZCrsvbE=
[敏而好学慧而明理](http://weibo.com/welljustdoit)
矮子穿长裙，一步踩一脚

[-] 一步长裙
[-] 1526513616000|welljustdoit
| 2018-05-17 07:33 | 万人迷OPPO R7 |


tag.coun=1, tag=HXlvd6+sZkuGUu4Hii+tv8+NfN8=
[_造极_](http://weibo.com/u/5810387138)
前天晚上排练结束和同一栋楼的人一起回寝室，在小篮球场外遇见一盏坏掉的路灯。忽闪忽闪的灯光穿过树枝把我及脚踝的长裙铺在地上，每走一步都像是定格。昨晚在阳台上翘着脚看向篮球场，颜色太死板，路灯可能修好了，或者彻底坏掉了。

[-] 一步长裙
[-] 1526515020000|u/5810387138
| 2018-05-17 07:57 | iPhone客户端 |


tag.coun=1, tag=GtCTpOQ1v5lkgw0dBz+KCAGJKkA=
[会飞的胖子潘](http://weibo.com/u/1842829560)
梦见我在录制我想和你唱在梦里还觉得很好听内！还在走延伸台，是一个环形的。穿了一件blingbling的黄色吊带连衣长裙，还分叉露腿的那种，还有巨夸张的耳环。一步踏着一个节奏，巨嗨！然后也感受到玛莎的落差感了。

[-] 一步长裙
[-] 1526605885000|u/1842829560
| 2018-05-18 09:11 | 宏宏怀里&iPhone 6s Plus |




# Word: 长筒裙
http://s.weibo.com/weibo/%E9%95%BF%E7%AD%92%E8%A3%99


[SKIP] 白菜, ztLBluNpkVAxSZWb5WoyfvgV5Gg=
[我是一个卖大白菜的摊位](http://weibo.com/u/3649135602)
长筒裙，然后有一个很特别开气儿，是那种特别随意的一刀切斜开气儿，有点OL，有点调皮。80

[-] 长筒裙
[-] 1521124209000|u/3649135602
| 2018-03-15 22:30 | iPhone客户端 |


[SKIP] 展开全文c, 87UIer00TcYJxjEdu2sBcjVHd6g=
[河北博物院官微](http://weibo.com/u/6276346464)
#相约冀博#【战国雄风——小玉人】为随葬人俑，呈片状，有白玉、墨玉、黄玉和青玉等多种质地。分为儿童、青年女性及中年妇女几种形象。男童头顶梳单髻，身穿窄袖方格纹袍，袖手而立。女佣头梳牛角双髻，身着圆领窄袖对襟衫，身穿方格长筒裙，圈手而立。方格纹衣裙和牛角状发髻，是战国时期中山国特有...展开全文c

[-] 长筒裙
[-] 1508683077000|u/6276346464
| 2017-10-22 22:37 | weibo.com |


[SKIP] 展开全文c, CM8XAMrRslHI50lyZc552vWjYHg=
[阿梓000](http://weibo.com/u/2688126820)
下面六张图是我自己截的，这次出的天穹掠影盒子的正太体型几个动作的展示。可以很明显的看出，当不开包身效果的时候，下半身前面的挡布只是一条。而开了包身效果之后，就变成一块了。而且从跳跃，下蹲几个动作看出，这一块挡布像两侧缝在腿上一样能被拉伸，整体看上去就像穿了一个长筒裙一样难看。难道...展开全文c

[-] 长筒裙
[-] 1504429789000|u/2688126820
| 2017-09-03 17:09 | iPhone客户端 |


[SKIP] 展开全文c, vFWeAGwEAcm00HqpW+2dUah/Naw=
[若非糊涂难得](http://weibo.com/u/3126064135)
他她化不开的情.蒋第一人子经国近半个世纪.然而并没有其父不欢喜.反对而对同知的异邦夫人产一丝异心.生一出怠心.真乃青忄至情…现在他穿的这条傣族长筒裙是她他1096天前最后漫步江边后她挂在家的.尽管时布灰尘.但他万不舍做一次浣裙男而退却她留下的.独一无二的她的芬芳…《澜沧江边-一万个重回那最后...展开全文c

[-] 长筒裙
[-] 1497796936000|u/3126064135
| 2017-06-18 22:42 | 魅蓝 Note2 |


[SKIP] 展开全文c, F1hV/NCXM3Nc6pxsQyK/m9niQUk=
[笑却无解](http://weibo.com/u/3857002404)
哪怕内心再幼稚，随着年龄增长少不得表面上要装出副成熟稳重的模样，因此有条黑色蕾丝开叉长筒裙。加之性格疏离，对不是特别亲密之人的交往与接触都抱有一定距离感。就搭异性的车而言很少会坐副驾位置，与领导同行渐多后虽觉不妥也佯装不知。年初参加一次社交礼仪培训后奉领导之命拜访同行业某财务负...展开全文c

[-] 长筒裙
[-] 1496671451000|u/3857002404
| 2017-06-05 22:04 | iPhone 6s |


tag.coun=1, tag=wRIHneiMPpAllLBVScn+AwVFE3A=
[黄瑞瑞_Bobby](http://weibo.com/u/3168289917)
亲爱的上班每天都要坐辣么挤的地铁，我心里很难过下回陪亲爱的去看看长筒裙[噢耶]让老婆上班心情好些，么么哒！

[-] 长筒裙
[-] 1444872558000|u/3168289917
| 2015-10-15 09:29 | iPhone客户端 |


tag.coun=1, tag=Z+ecLv60ygcWTrDha6waSWzHr4E=
[2sword](http://weibo.com/kevinlau160)
最初吸引我的只是这样一个封面：大个子米歇尔身着紫色束腰长筒裙，内敛含蓄却又睿智骄傲！以前读过奥巴马的《桥》。不出意外，本书大量篇幅用于描述少数族群在美国的斗争历史，而家族成长史夹杂其中——覆盖广反而无深度，没有特别印象深刻的细节。但是让人喜欢米歇尔这个有智慧有魄力的女人倒是真的！

[-] 长筒裙
[-] 1448282904000|kevinlau160
| 2015-11-23 20:48 | iPhone 6 |


tag.coun=1, tag=4s6KCFdS+TPXQPQ+lDwk+th0aCw=
[若非糊涂难得](http://weibo.com/u/3126064135)
山不见高.水不见深.版纳浓雾蒙.今朝阵阵吹寒风.大地冬天到.大地的隆冬已来到.长筒裙里你中有我.大摆裙下拜汇几多.你是水来我是鱼.鱼儿怎能不恋水.嫦娥啊嫦娥.我的嫦娥.天惊地动鱼水你我！转眼又一个大冬到.因怀念国恩省泽的糟糠妻玉亮一夜无眠的爱神陈其放再写了大地冬天2敬她！他说他余生将守寡到底！

[-] 长筒裙
[-] 1450765351000|u/3126064135
| 2015-12-22 14:22 | 华为Ascend手机 |


tag.coun=1, tag=3Zm2zsBpTsxah9zjKGc3DMcqnsc=
[Gigi萌琦琦](http://weibo.com/island18)
穿着拖地长筒裙去跑马，宛如智障

[-] 长筒裙
[-] 1460371059000|island18
| 2016-04-11 18:37 | iPhone 6 |


tag.coun=1, tag=nYcxyD4Wp747EVXEqVvRdsmdZcA=
[沙茶味王小兑](http://weibo.com/u/2019482355)
我觉得人到了一个年纪就会开始喜欢那种束腰长筒裙大衣手套配深唇色训导主任脸…严重的性冷淡式性感风

[-] 长筒裙
[-] 1471851730000|u/2019482355
| 2016-08-22 15:42 | iPhone 6 |


tag.coun=1, tag=0NgacT7doeCxN6HWSSdKChoqWZ4=
[四川白衣书生](http://weibo.com/u/1288402701)
发表了博文《版纳情怀》白衣书生西双版纳，是一个令人梦寐以求的地方。至少于我，自知道这个地方，在电视上见到戴了尖斗笠穿了红格长筒裙桃水的傣族姑娘舞步轻盈笑靥迷人的时候，就暗自在青春懵懂的心里面，埋下|版纳情怀

[-] 长筒裙
[-] 1477526566000|u/1288402701
| 2016-10-27 08:02 | 新浪博客 |


tag.coun=1, tag=A3jYMJSAKOPrvhK2VxlWLXouieg=
[Z5梓涵26](http://weibo.com/u/2521724585)
原本美好的周五也变得不美好了。周六也要上班。一大早就被老弟喂了狗粮。话说长筒裙走路真慢。

[-] 长筒裙
[-] 1481848193000|u/2521724585
| 2016-12-16 08:29 | 华为Ascend Mate7 |


tag.coun=1, tag=DcaT+cHY9IHjzb2xXw+D19gAeSc=
[真抠踏](http://weibo.com/yukita1986)
穿上了时下流行的绣花棒球服自己配了一个长筒裙，感觉再给自己绣一个夜露死苦就可以出去打群架了噢耶#请叫我大姐头##老娘今天也很朋克##不#

[-] 长筒裙
[-] 1488289734000|yukita1986
| 2017-02-28 21:48 | iPhone客户端 |


tag.coun=1, tag=QTT/QXwSzD00M/Lw3+J5A+/k8UM=
[长发布衣](http://weibo.com/changfabuyi)
一场悄无声息的雨宣告秋天正式入驻圣地亚哥城、而秋雨总是让我想起自己当年乡下撑着蓝色雨伞、把牛仔长筒裙穿出冷漠生硬的忧伤……

[-] 长筒裙
[-] 1491562019000|changfabuyi
| 2017-04-07 18:46 | iPhone 6s |


tag.coun=1, tag=JupB2vfVucYonJjYqw3ZgNcp3U4=
[梅山旅行](http://weibo.com/971717998)
#2017年泼水节暨傣历1379年#身着长筒裙的窈窕卜女，盛装出席泼水节取水仪式。泼水节的魅力所在，三分在泼水狂欢的祝福互赠，七分在对自然生活的敬畏感恩。

[-] 长筒裙
[-] 1492073966000|971717998
| 2017-04-13 16:59 | weibo.com |


tag.coun=1, tag=Tw7waD3g/7GbhqbYx60J2wjPyn4=
[时光休矣](http://weibo.com/u/2291505653)
小姑凉甜的不行，小细腰，长筒裙，走路一阵风。

[-] 长筒裙
[-] 1503799873000|u/2291505653
| 2017-08-27 10:11 | 要换的Android |


tag.coun=1, tag=gRVQpuc0PgA8Ox4751kZodjOHeY=
[sayo_沉在subaru沼底部](http://weibo.com/u/5963957351)
昨天去总部开会的路上在地铁站里看到一个小姐姐穿了一件衣服我之前在GU也买过当时是买来配阔腿裤的但是昨天看小姐姐搭配长筒裙也蛮时髦的心动><

[-] 长筒裙
[-] 1507861394000|u/5963957351
| 2017-10-13 10:23 | weibo.com |


tag.coun=1, tag=CwexOPrz0kgx+ZZg7Wbtnrwobzo=
[桃三野啊](http://weibo.com/vzzx)
长筒裙加高跟，简称：跑不快系列。

[-] 长筒裙
[-] 1511109886000|vzzx
| 2017-11-20 00:44 | 🌚iPhone 6s Plus |


tag.coun=1, tag=d9jAYN47+Zqk4VYxl8r3kQ4ai+U=
[浙江阿蔡1](http://weibo.com/u/1498969700)
淳朴的人文风情是琅勃拉邦的魅力所在，寺庙间、小巷里，随处可见斜披着橘色长袍的僧侣、穿着长筒裙低声对话的妙龄少女们、在湄公河上撒网捕鱼的船夫，或是载着游客穿梭在马路上的司机，这一切让人觉得世界可以这般宁静和谐。|老挝·琅勃...

[-] 长筒裙
[-] 1519530448000|u/1498969700
| 2018-02-25 11:47 | HUAWEI Mate 10 Pro |


tag.coun=1, tag=7GUh11U/tf3jD/xFeBbPIj/3MSg=
[biangcom](http://weibo.com/u/6130733297)
送葬的队伍中女人们身着手织布黑色长筒裙，手执花伞，面露哀色，竟也生出一种凝重肃穆的美感。小的时候见着这些仅仅觉得只是繁文缛节，现在竟然有此前从未有过的感受，可能是我的心境在变吧，可我依然不喜欢繁文缛节。

[-] 长筒裙
[-] 1526452177000|u/6130733297
| 2018-05-16 14:29 | OPPO智能手机 |




# Word: 裹腿长裙
http://s.weibo.com/weibo/%E8%A3%B9%E8%85%BF%E9%95%BF%E8%A3%99


[SKIP] TFBOYS, e/JlTWohcGdkMSjp8O9muu+9EjE=
[-胡美丽](http://weibo.com/u/3914048038)
我真的是要紧张要哭了，我有条长裙到脚踝那么长的，好想借给你们，把灯牌裹腿上，伪装一下#春秋四载破风浪,易烊千玺展锋芒##易烊千玺超级话题#最新藏灯牌的方法@TFBOYS-易烊千玺陈月80988...

[-] 裹腿长裙
[-] 1502597558000|u/3914048038
| 2017-08-13 12:12 | 红米4GiPhone 7 |


[SKIP] 网页链接, 3di032/OLMSsG0+6aysRPO3Ytxw=
[庹祖海TuoZuhai](http://weibo.com/tuozuhai)
在韩国“无裤装”成为时尚潮流。部分女性抛弃了裤子和长裙换上了裹腿、长袜或超短裤、超短裙。尤其“韩流”女歌手暴露的衣着几乎是统一的着装标准。许多音乐视频近来被打上“仅限19岁以上人群观看”的限制语。上世纪70年代韩国禁止国民穿着裸露程度达到膝盖以上20厘米的裙子。【朴槿惠“限制暴露着装”李孝利等明星公开调侃】新上任女总统朴槿惠的第一把火烧到了国民的着装标准上。近日，朴槿惠批准的一条法令规定：在公共场所衣着过度暴露将会被处以5万韩元的罚款。该政令不仅引起了公众和反对党的攻击，也引起了李孝利等明星的公然调侃。网页链接

[-] 裹腿长裙
[-] 1363912649000|tuozuhai
| 2013-03-22 08:37 | 皮皮时光机微博 weibo.com |


[SKIP] ；, r8FVP87niZsBiZRIrzM3NLesSSY=
[灵感1960](http://weibo.com/linggan1960)
有报道称：女人穿衣跟经济发展有直接关系。经济萧条的时候，女人穿着多以长裙裹腿，低胸见少；经济繁荣的时候，女人穿着多以短裙、超短裙及低胸装为主。咦，那女人多着复古风格服装呢

[-] 裹腿长裙
[-] 1363788310000|linggan1960
| 2013-03-20 22:05 | Weico.iPhone |


[SKIP] 网页链接, cFdslVTTEBLJK85iKzAHy3l4pLI=
[心蕾elva](http://weibo.com/208931999)
吃个点心出来下起了倾盆大雨，向店主借了把伞撑到车边，全身已经湿透原本很仙的长裙顷刻成了裹腿布，但愿明天不会感冒，阿门！网页链接

[-] 裹腿长裙
[-] 1343053137000|208931999
| 2012-07-23 22:18 | iPhone客户端 |


tag.coun=1, tag=+q3T7IAPWCqyFNXzLzljSGPisyU=
[诱子木](http://weibo.com/youzimu)
女生穿裹腿长裙对训练假淑女姿态大有裨益，每当我想扎翻翻走路的时候都感觉心有余而裙不足从而改为小碎步前进。

[-] 裹腿长裙
[-] 1332811751000|youzimu
| 2012-03-27 09:29 | iPhone客户端 |


tag.coun=1, tag=Gw2oEM6px/hX9lUph7l2ZAXKkQQ=
[哼哼猪verajoo](http://weibo.com/smilehenghengpig)
裹腿一字长裙+高跟=举步维艰。

[-] 裹腿长裙
[-] 1340234740000|smilehenghengpig
| 2012-06-21 07:25 | HTC One X |


tag.coun=1, tag=sPQ5cBkXY2jhyESaMEoa0QPkzyo=
[24k台北精品女装](http://weibo.com/tcw24k)
裙装包身才完美迷人曲线一穿即有！裙装不单单只有飘逸才最美，裹腿式裙装是最能体现你完美身材的单品。无论是长裙还是短裙，如果说裙装能突出你的女人味儿，那紧身裙就是最佳选择。秀身材不靠短、露，裹腿裙装也以包身包出完美S型曲线。

[-] 裹腿长裙
[-] 1340777669000|tcw24k
| 2012-06-27 14:14 | 微博桌面 |


tag.coun=1, tag=jC6DkbV/xrOD2dwTxjCSy9matqQ=
[猫豆儿88](http://weibo.com/u/1424876727)
假期后第一天上班，毫无悬念的就迟到了。擦！家里孩子没喂流浪孩子没喂，还被老板追问几点来的。长裙裹腿，走快点差没扔出一大跟斗。淑女果真不能扮，娱乐众生啊！一片凌乱，各种不适应。

[-] 裹腿长裙
[-] 1344828452000|u/1424876727
| 2012-08-13 11:27 | weibo.com |


tag.coun=1, tag=W9A6U2KaVTdqIYhpC5vWaHXBkWg=
[ParisMADAME](http://weibo.com/parismadame)
#2013巴黎春夏高级定制#印度尼西亚设计师DiditHediprasetyo给巴黎带来源自亚洲的时尚。紧身裹腿长裙配夹脚拖鞋，加上中国玉做点缀，东南亚风情与现代时尚完美结合。http://t.cn/zY6R1ET

[-] 裹腿长裙
[-] 1360946897000|parismadame
| 2013-02-16 00:48 | 专业版微博 |


tag.coun=1, tag=uCPxMGvK6jxS76PKTOQGGw7AhKQ=
[宫掰掰](http://weibo.com/dennisgong)
姑娘们今年别再丝袜，毛裤等各种裹腿瘦腿裤了，审美疲劳了，哥目测今年趋势是素版长裙或舒适面料运动裤或棉麻裤，把脚踝露出来。都穿的有点风格吧。

[-] 裹腿长裙
[-] 1366328830000|dennisgong
| 2013-04-19 07:47 | Windows.Phone客户端 |


tag.coun=1, tag=WYfEtpViiaPe+EUNy8tHQn8A6Lc=
[温情茉莉](http://weibo.com/u/2255634730)
穿了一天带跟凉鞋+裹腿长裙，走路步伐稍大些就有紧迫感，还真不自在。不过被同事称赞很漂亮，就忍了吧

[-] 裹腿长裙
[-] 1369211148000|u/2255634730
| 2013-05-22 16:25 | uc浏览器ios |


tag.coun=1, tag=xXjwW70BzYKXpnkFWS9tq1Jojj8=
[Vintage露露](http://weibo.com/loveinsine)
一个人住第三季第135天：今天第一次尝试穿了长裙，受到好评好开心。不过各种不适应，好裹腿。。。

[-] 裹腿长裙
[-] 1372995468000|loveinsine
| 2013-07-05 11:37 | iPhone客户端 |


tag.coun=1, tag=DaKNrIgNhlDShJRrntml1vqfKuQ=
[哎you喂_](http://weibo.com/idoudou)
下雨天穿长裙的人是怎么想的裙子被雨打湿全裹腿上怎么走路啊要我肯定得疯了

[-] 裹腿长裙
[-] 1373877522000|idoudou
| 2013-07-15 16:38 | 小米手机 |


tag.coun=1, tag=l/vagfNxzRll8DGhNVyh/hiiMXE=
[2018都会实现的徹子](http://weibo.com/u/1696921781)
不是说好半夜降雨的么！！！！！现在是半夜啊！！！！！！中午淋我一下就算了，下班下这么大雨！！！！！我今天穿的最沉的纱质长裙啊，沾了水死沉死沉的裹腿上，想想就TM头大！而且！今天穿的是新鞋啊！！！！还TM是乳白色的帆布鞋……OJZ死的心都有……

[-] 裹腿长裙
[-] 1374485012000|u/1696921781
| 2013-07-22 17:23 | 360安全浏览器 |


tag.coun=1, tag=5yD7BZxS67nBhRK6ZH3IbtX5dcU=
[GzfcEmily](http://weibo.com/u/1987443471)
泰国的皇帝行宫中各种花团锦簇，特别适合玩自拍租了人家提供的用来裹腿的大长裙，结果没想到这条裙子还挺上相。总之，是很悠闲，很舒服的一天

[-] 裹腿长裙
[-] 1391350643000|u/1987443471
| 2014-02-02 22:17 | iPhone客户端 |


tag.coun=1, tag=ePupBFhUbAYS7MKIDoWGvfIqbqI=
[查念林](http://weibo.com/setimental)
GANRYUCOMMEdesGARCONS2014FallWinterCollection立体的素色方格与勇气可嘉的裹腿半长裙。

[-] 裹腿长裙
[-] 1392087763000|setimental
| 2014-02-11 11:02 | weibo.com |


tag.coun=1, tag=OhFhjpxU63L7cQIYYRqv+y7j6Ic=
[DzHelle](http://weibo.com/u/1888020612)
四年时间从来没有因为暴雨停过课即使雨大到伞被吹烂了雨急到长裙裹腿上都快掉下来但是没关系我们自己给自己停课就好了啊#机智赢了人生输了点名#

[-] 裹腿长裙
[-] 1399376227000|u/1888020612
| 2014-05-06 19:37 | Weico.Android |


tag.coun=1, tag=75vBTykpKrC+9zG5bDsdRDL7Mrw=
[苏西西0809](http://weibo.com/zixia809)
由于新凉鞋鞋跟太高，加上长裙裹腿太紧，今天走路一直像我那裹小脚的外婆，忙得火烧火燎也只能慢慢小碎步走动（实在卖迈不开）……现在，我还缺根拐杖

[-] 裹腿长裙
[-] 1400216145000|zixia809
| 2014-05-16 12:55 | iPhone客户端 |


tag.coun=1, tag=CaBELg5TcGMuxUsvKwHeA0KD0mc=
[Hxxan4](http://weibo.com/u/1804336611)
年轻的创造力不是浅薄，没有知识沉淀的创造力就只是态度，那和非洲那些穿着五颜六色裹腿长裙的大妈们的审美有何不同？审美也并不是越奇怪越好，是要讲究整体的和谐，你把纽约巴黎新宿首尔全穿身上了，反而没有美，只让人窒息。

[-] 裹腿长裙
[-] 1523939856000|u/1804336611
| 2018-04-17 12:37 | iPhone客户端 |




# Word: 包臀长裙
http://s.weibo.com/weibo/%E5%8C%85%E8%87%80%E9%95%BF%E8%A3%99


[SKIP] 展开全文c, XessEZTuPQ9/dDQdvxyDNxMJf0o=
[结衣衣君](http://weibo.com/u/3340909732)
朋友们！我真的算不上瘦！我120斤呢！裤子穿2728的！我肚子可大拍照时候收腹收起来了！腿也蛮粗，穿贴身长裤最丑！喜欢穿包臀裙子跟长裙或者超短裤拉长腿线要么阔腿裤！所以啊！大家把胖的地方藏起来就好了！！！！有时间有毅力的肯定是多运动最好了！今天我找好健身房了（虽然上次就说过再不去健身就...展开全文c

[-] 包臀长裙
[-] 1526362751000|u/3340909732
| 2018-05-15 13:39 | iPhone X |


[SKIP] 秒..., saps0IT8rXngIX+GTRbsnvu3P2U=
[综艺赵快刀](http://weibo.com/u/3801955023)
时尚时装性感走秀，紧身包臀的性感长裙，看出弧线赵快刀的秒...

[-] 包臀长裙
[-] 1516691861000|u/3801955023
| 2018-01-23 15:17 | 荣耀9 美得有声有色 |


[SKIP] 爱奇艺, AfucUhXMZdje3taUgswZ++cnh1M=
[爱奇艺娱乐](http://weibo.com/qiyiyule)
【第75届#金球奖#·红毯】盖尔·加朵和YaronVersano亮相，盖尔·加朵身着黑色包臀长裙搭配小西装外套，YaronVersano则是一袭帅气黑色西装，男的帅女的美！更多精彩>网页链接

[-] 包臀长裙
[-] 1515372678000|qiyiyule
| 2018-01-08 08:51 | weibo.com |


[SKIP] 秒拍, YgzLMzMT6k1lODSM8QTUlICAo9Y=
[精彩微视](http://weibo.com/jingcaiweishi)
肉丝白色包臀长裙车模饭拍精彩微视的...

[-] 包臀长裙
[-] 1512664271000|jingcaiweishi
| 2017-12-08 00:31 | 秒拍网页版 |


[SKIP] 秒..., BwPL0sLOJyNIgKFBIAlvF0l5hBQ=
[热爱大自然的](http://weibo.com/ligengsheng)
#综艺与娱乐#李宇春穿包臀长裙亮相发布会，这还是酷酷的春哥吗？#娱乐情报##趣味视频##娱乐集中营##综艺集中营#柏博博的秒...

[-] 包臀长裙
[-] 1512461810000|ligengsheng
| 2017-12-05 16:16 | 热爱大自然Android |


tag.coun=1, tag=d7WSFC/CnFQ5fL/wraZOSqi5zT0=
[萌萌白兔君](http://weibo.com/345960803)
#小初日记#一个人非常艰辛的把箱子扛回家了，在地铁上怕箱子滑走，很猥琐的用腿夹着箱子，呃……我穿的还是包臀长裙（怎么照片上我的帽子看着跟我有个大肚子似的）

[-] 包臀长裙
[-] 1514044852000|345960803
| 2017-12-24 00:00 | iPhone 8 Plus |


tag.coun=1, tag=LwTV7W6/Cxyfce8qJ2iIMKM4nxI=
[前进的信使](http://weibo.com/hbhdmzy336699)
我在看：【组图：盖尔·加朵黑色正装亮相金球红毯包臀长裙尽显性感好身材】|盖尔黑色正...

[-] 包臀长裙
[-] 1515386605000|hbhdmzy336699
| 2018-01-08 12:43 | 新浪新闻客户端 |


tag.coun=1, tag=8AltvBA4pD8+29BKPM6nYFcZAbY=
[不喜欢穿裙子的双子](http://weibo.com/u/5367788385)
硬生生把A版长裙穿成了包臀裙|北京·中国...

[-] 包臀长裙
[-] 1515769704000|u/5367788385
| 2018-01-12 23:08 | 华为麦芒5 |


tag.coun=1, tag=H7i5PvP49kVjsHr2UVVyHBBQC/4=
[友佳里](http://weibo.com/u/5940739862)
今天在路上，快到拐角的时候迎面看见个穿着毛衣，下面包臀长裙，外面披着米色呢大衣的小姐姐，感觉挺不错的，过了拐角看见一个老婆婆在门口站着，她居然居然跟我穿的是一样都是裹着一件大黑色的长长的棉袄

[-] 包臀长裙
[-] 1515833550000|u/5940739862
| 2018-01-13 16:52 | Android |


tag.coun=1, tag=Fuge/vX4eo8XUWycJBa2t2MghKM=
[琦殿](http://weibo.com/yyy18n)
和对象提前过情人节。我说穿红色情侣装吧有节日气息。结果碰头了，我红色露肩v领衫配红色包臀长裙，他红色套头卫衣红色运动裤配红色鸭舌帽，我俩齐齐整整坐在日料吧台前，就像玛丽亚凯莉恋上了超级玛丽。

[-] 包臀长裙
[-] 1518226802000|yyy18n
| 2018-02-10 09:40 | iPhone X |


tag.coun=1, tag=Nhm6NTe1whQmVRlPvZ+7DrAm2sA=
[曼彻栗子](http://weibo.com/DreamShand)
家里的旧衣柜里有一套正红色的衣服，是我妈结婚那会儿买的。上面是垫肩的呢子西装，下面是开叉的包臀长裙。我很小的时候偷穿过不止一次，每次套上都显得不伦不类，不敢直视镜子。前几天又翻出来，竟然合身了，或者说终于合身了。好神奇

[-] 包臀长裙
[-] 1519401603000|DreamShand
| 2018-02-24 00:00 | iPhone |


tag.coun=1, tag=HRsZILNs2FpcWDbu9F1hVkKT3Yw=
[内个谁谁谁怎么可以不努力](http://weibo.com/u/1170639151)
麻麻刚刚甩给我一条超级超级超级好看的包臀长裙~真的超好看哦~但作为一个肚子大还没屁股的小可爱~小可爱就是我啦~现在真的真的真的超难过~真的是超难过！

[-] 包臀长裙
[-] 1519653766000|u/1170639151
| 2018-02-26 22:02 | 没钱换掉的iPhone 6 Plus(Gold) |


tag.coun=1, tag=neWfSEuRPPTVwPShdWlhAf+iNFY=
[酷少女雨](http://weibo.com/u/5543672075)
跳舞热到把包臀长裙穿成抹胸连衣裙来小姐姐们，傣族舞蹈裙了解一下🙈

[-] 包臀长裙
[-] 1522569684000|u/5543672075
| 2018-04-01 16:01 | iPhone 7 |


tag.coun=1, tag=bc7WWNLZShVO1adiIUi9DhLKB10=
[-柒柒Oo](http://weibo.com/u/1909119247)
本想春天来了浪一浪穿上六七年没穿过的长裙结果满大街的包臀连衣裙小吊带紧身小短裤🙃

[-] 包臀长裙
[-] 1522572106000|u/1909119247
| 2018-04-01 16:41 | 坚果 Pro 2 |


tag.coun=1, tag=GYZJ/gIjwusbGkvXc1c1ujjX1Fw=
[李庚是SB](http://weibo.com/u/5748283683)
#嗨氏#千呼万唤始出来的幺妹儿～多日不见，包臀长裙变成了高腰衣！

[-] 包臀长裙
[-] 1522599501000|u/5748283683
| 2018-04-02 00:18 | iPhone客户端 |


tag.coun=1, tag=lRnRqobX1PqZ/GP/7VEq+wDnFWk=
[Gloria高扬扬扬扬扬](http://weibo.com/u/2645424660)
屁股翘只适合长裙或者短的包臀裙一穿这种就像鸡屁股一样好喜欢这条裙子啊啊啊Gloria高扬...

[-] 包臀长裙
[-] 1524378057000|u/2645424660
| 2018-04-22 14:20 | iPhone X |


tag.coun=1, tag=V8DMQewq/ekwKhAOBlH/MBH+7GU=
[柠檬汁儿Miss](http://weibo.com/u/5846362304)
今年从以往的A字短裙改穿包臀长裙了女生平时怎么把球鞋和小裙纸完美的搭配在一起？

[-] 包臀长裙
[-] 1525863663000|u/5846362304
| 2018-05-09 19:01 | 微博 weibo.com荣耀V10 我AI的快 |


tag.coun=1, tag=s+UVhI4tmmQQIn8Qprej2Q8RJV0=
[青果客](http://weibo.com/u/2006478691)
一字肩长裙是不是一定要紧身包臀才更有气质？

[-] 包臀长裙
[-] 1526118920000|u/2006478691
| 2018-05-12 17:55 | 柔光自拍vivo X7Plus |




# Word: 脚踝长裙
http://s.weibo.com/weibo/%E8%84%9A%E8%B8%9D%E9%95%BF%E8%A3%99


[SKIP] 展开全文c, Bcf51W87RTmHIDm5OdQHfQM6xb4=
[芥末儿绿](http://weibo.com/u/1822249690)
初夏想想这个名字有那么一点点浓又有那么一点点淡淡地轻盈浓是因为夏吧叶子的绿色渐渐浓了起来阳光慢慢温暖了起来...展开全文c

[-] 脚踝长裙
[-] 1527044672000|u/1822249690
| 2018-05-23 11:04 | iPhone客户端 |


[SKIP] 展开全文c, wDk7gT/fAqXhw1HDzp31JpoL3Hs=
[一只妇女](http://weibo.com/zhongyifan55)
在那个充满醋味的城市念gogo被渣男送进了女德班培训渣男有十多个拜把妹妹念gogo和渣男在一起的那几年一直思考这群妹妹存在的意义但是作为女德班的尖子生她从来不会为之动怒...展开全文c

[-] 脚踝长裙
[-] 1526738846000|zhongyifan55
| 2018-05-19 22:07 | 微博 HTML5 版 |


[SKIP] 展开全文c, cdjVkTDm9YyoPkhXwSrOdshY6bw=
[静若Q](http://weibo.com/biomechanicsfujing)
早晨把车停到地下车库车库到办公室的路上经过一片空地据说那里是轮滑社学生的乐园再往前是一片小树林林子里有有个小亭子亭子的南边是一片李子林...展开全文c

[-] 脚踝长裙
[-] 1526470756000|biomechanicsfujing
| 2018-05-16 19:39 | iPhone客户端 |


[SKIP] 上新, 3i/1c8DOkmwRMFxbacLJK9QuCCg=
[Dear丶连先生](http://weibo.com/u/5591365975)
夏天到了，又可以浪了，穿上新买的到脚踝的长裙，在家照了三遍镜子感觉甚美。骑上我的小电驴出发，风吹飘飘的，结局已经可以猜到，裙子缠轮胎里就在满是人流的大街上摔倒了…连屁股带大腿全破皮了，新裙子也报销了………真事。

[-] 脚踝长裙
[-] 1526359401000|u/5591365975
| 2018-05-15 12:43 | Android |


tag.coun=1, tag=S2rwmOzU/SKzk0Z+nR3M8zg6QG8=
[青柠檬小维C](http://weibo.com/u/3909517685)
158的痛你们不知道，长裙什么的人家到脚踝，你直接拖地个子小小的女生超可爱啊#情感#

[-] 脚踝长裙
[-] 1526251243000|u/3909517685
| 2018-05-14 06:40 | 即刻笔记iPhone客户端 |


tag.coun=1, tag=jlDiogJ9UBco8arY5y48Mmplhr8=
[认真的猫咪-](http://weibo.com/u/5574379775)
徐老师上完课回来啦从来都是到脚踝的长裙装扮趁着初夏自己还白的有点过分认真的猫咪...

[-] 脚踝长裙
[-] 1526297035000|u/5574379775
| 2018-05-14 19:23 | vivo智能手机 |


tag.coun=1, tag=57qYz8Z4ComoGIi/e36UHPMuOOo=
[pandaFooood](http://weibo.com/u/1757770295)
夏天在办公室都不能露脚踝了吗？？？我勒个去了，搬过来第一次穿条长裙，长裙就发烧了！！！一年四季，办公室都是冰窖

[-] 脚踝长裙
[-] 1526310368000|u/1757770295
| 2018-05-14 23:06 | iPhone客户端 |


tag.coun=1, tag=8pouok9jDaUXkcCVUoOQt4dH1cs=
[蓝小特兮](http://weibo.com/u/2271345894)
幽深的长裙一直延伸到她的脚踝，随着轻快的步伐流转着，一步一荡，活泼的蓝色若隐若现......谁不喜欢轻盈飘逸呢？只有身体轻若紫燕，我们的灵魂才能自由飞翔啊。

[-] 脚踝长裙
[-] 1526394966000|u/2271345894
| 2018-05-15 22:36 | iPhone客户端 |


tag.coun=1, tag=M2UJhFJtgkVCzyFmfdJcaZBcq00=
[提灯映桃花--](http://weibo.com/u/5949737771)
下大雨啦望着我到脚踝的长裙瑟瑟发抖不知道我该如何存在一打雷就喜欢抓点东西刚刚紧紧握住了室友的胳膊把她吓一跳然后…这个雨真的跟快男一样我还没编辑完这条微博它就快停了

[-] 脚踝长裙
[-] 1526440931000|u/5949737771
| 2018-05-16 11:22 | iPhone客户端 |


tag.coun=1, tag=UTT4OMdtOlVUkDPpMnVxkm1ek44=
[Queen_木木](http://weibo.com/u/6045695580)
穿个到脚踝的长裙骑自行车的后果大概就是裙子被卷到车子里

[-] 脚踝长裙
[-] 1526460675000|u/6045695580
| 2018-05-16 16:51 | 够快才畅快vivo X6S |


tag.coun=1, tag=HXlvd6+sZkuGUu4Hii+tv8+NfN8=
[_造极_](http://weibo.com/u/5810387138)
前天晚上排练结束和同一栋楼的人一起回寝室，在小篮球场外遇见一盏坏掉的路灯。忽闪忽闪的灯光穿过树枝把我及脚踝的长裙铺在地上，每走一步都像是定格。昨晚在阳台上翘着脚看向篮球场，颜色太死板，路灯可能修好了，或者彻底坏掉了。

[-] 脚踝长裙
[-] 1526515020000|u/5810387138
| 2018-05-17 07:57 | iPhone客户端 |


tag.coun=1, tag=+Ik8KJJCz+pMs2+ms1i5+qsgSpo=
[哪里都有胡寻莹](http://weibo.com/u/1890037880)
理解了，以前问小付我的一条小半裙好看吗，他回我说“好看但是讲道理我只觉得黑长裙白长裙好看”之后，被我嘲笑，还被我的好jm们嘲笑，突然理解他了，他说的长裙不是那个拖到脚踝的长裙，是连衣裙，连衣裙只连到膝盖上面也算长裙，行吧，原谅他

[-] 脚踝长裙
[-] 1526524093000|u/1890037880
| 2018-05-17 10:28 | iPhone客户端 |


tag.coun=1, tag=OKB41O1tacNE01AFHmB6PKtBHgk=
[蠢冷要当小太阳](http://weibo.com/u/2530242652)
万能的微博啊，求那种175身高的妹子穿着也能到脚踝的长裙店铺啊……Zara这些除外的……#渴望长裙的大高个#

[-] 脚踝长裙
[-] 1526562861000|u/2530242652
| 2018-05-17 21:14 | iPhone客户端 |


tag.coun=1, tag=cR/MsQhWwHCsMYCbz1L4R1BqNFI=
[Rhododendron___](http://weibo.com/myself0702)
应该是我第二次在地铁遇到咸猪手，上一次是在香港地铁现在彻底体会到那些“谁让女的穿那么少”这种言论和这些男的是多么应该nmsl我上次在香港穿着到脚踝的长裙也没见他收手啊

[-] 脚踝长裙
[-] 1526627904000|myself0702
| 2018-05-18 15:18 | Weibo |


tag.coun=1, tag=rO9OvxFBX3VBWtUL+CcnN8WzWk4=
[哦哦先生_](http://weibo.com/u/5770026852)
白白净净小胳膊细腿的小姐姐白T加运动短裤梳短发戴头带好好看，白白净净小胳膊细腿的小姐姐穿短裤加长筒袜扎双马尾的暗黑萝莉风也好好看，白白净净小胳膊细腿的小姐姐披肩发穿长裙露出纤细的脚踝也好好看呐，总之，白白净净小胳膊细腿＝好看！！！

[-] 脚踝长裙
[-] 1526658180000|u/5770026852
| 2018-05-18 23:43 | weibo.com |


tag.coun=1, tag=wAXYfXcLfxzeLjF7BjCpnzNANTY=
[冬姑娘来自东国北方](http://weibo.com/ylhslove)
超喜欢图七姐姐穿长裙露出的这种脚踝！！！哈里王子的婚礼上，一些宾客的穿搭。大家真的都很用心了，有几套特别惊艳

[-] 脚踝长裙
[-] 1526736903000|ylhslove
| 2018-05-19 21:35 | 微博 weibo.comOPPO R9s |


tag.coun=1, tag=jOOYMaGR2Sfzz6gunDe763+R7Ps=
[喂你的海豚跑了](http://weibo.com/u/3154608940)
这么热的天，我居然穿长裙，而且是到脚踝的那种

[-] 脚踝长裙
[-] 1526800203000|u/3154608940
| 2018-05-20 15:10 | iPhone客户端 |


tag.coun=1, tag=EZEsm86YSsWhq0dnGlOrNWSZsPU=
[阿圆-雷霆崖贝恩爱好者](http://weibo.com/705134501)
道理谁不懂还要你教，我今年头发剪得超级短，经常加班到深夜我有什么办法，只能大热天也穿个到脚踝的长裙，就差没包成粽子了，遇到蓄意绑架谋杀的受害人要怎么预防啊，我要能1V10个犯罪分子我还做什么人类，我就是塔达林第一人了好嘛艹。

[-] 脚踝长裙
[-] 1527050543000|705134501
| 2018-05-23 12:42 | weibo.com |




# Word: 长裙 小碎步
http://s.weibo.com/weibo/%E9%95%BF%E8%A3%99%20%E5%B0%8F%E7%A2%8E%E6%AD%A5


[SKIP] ；, 8llbbsSfySkrejZOcIRbMZIlvOc=
[QY-宇青](http://weibo.com/u/5805174379)
#王者荣耀#明世隐不好玩，1、跟着队友屁股后面奶人家，人家还不稀罕我奶，问我老连着他干嘛；2、没有位移，被逮着了就死了；3、穿着长裙，迈不开腿跑，屁股一扭一扭的迈着小碎步在走！没撒谎，看视频，是不是小碎步，还是我家诸葛亮好玩，4个位移...展开全文c

[-] 长裙 小碎步
[-] 1513170911000|u/5805174379
| 2017-12-13 21:15 | iPhone客户端 |


tag.coun=1, tag=3VVFQoo0k1OF4lL+IWdYc4UYwLM=
[哈欠精](http://weibo.com/u/2417647904)
迎风走裙摆被吹得塞进两条大腿间是长裙也就算了一边走一边往外扯那不好看那就夹着大腿小碎步走呗

[-] 长裙 小碎步
[-] 1500510237000|u/2417647904
| 2017-07-20 08:23 | iPhone 6 |


tag.coun=1, tag=9uLzE+xFvCdaqU9tmtUhkFK46lg=
[Liyj李](http://weibo.com/u/5706680528)
你们那些像男人一样豪放的女汉子同学朋友现在都过得怎么样了？是依旧那么汉子还是已经长发及腰长裙飘飘熟络地踩着高跟鞋走着小碎步了？

[-] 长裙 小碎步
[-] 1502857246000|u/5706680528
| 2017-08-16 12:20 | 荣耀手机 勇敢做自己 |


tag.coun=1, tag=GINSBXQ0MBLQXR2x7UBvi9xRLm4=
[N楠宝宝an](http://weibo.com/u/5748669942)
头一次体验长裙……这小碎步让我迈的……|营口·世纪...

[-] 长裙 小碎步
[-] 1503231127000|u/5748669942
| 2017-08-20 20:12 | iPhone 6s Plus |


tag.coun=1, tag=pd9v/W6pWsMIDYzmLyOBzL+lLh0=
[一朵兒XR](http://weibo.com/u/5238685468)
穿长裙几走小碎步⸝⸝⸝◟̆◞̆♡

[-] 长裙 小碎步
[-] 1503374228000|u/5238685468
| 2017-08-22 11:57 | iPhone 6s Plus |


tag.coun=1, tag=AgRbpPejXLLvjoy7mwh2qEAKtPw=
[天空中没有鸟的痕迹但它已经飞过](http://weibo.com/u/5266142490)
内向不等于淑女，我是一个内向的女孩，第一次穿牛仔长裙，走不了大步，又爱走快，小碎步迈的急，小腿都要抽筋了。这是被迫装淑女吗？

[-] 长裙 小碎步
[-] 1505104491000|u/5266142490
| 2017-09-11 12:34 | 华为手机 |


tag.coun=1, tag=tjxLyoq8Gg9O6C6k5X2jzAgFjJc=
[周呵呵懒得笑](http://weibo.com/u/2403837742)
#第一次穿包腿长裙的失败经历#早上一如既往地52分出门，平常都是拔腿就跑的我今天出门就懵逼了最后一路高频率小碎步差点迟到。心累。

[-] 长裙 小碎步
[-] 1506388835000|u/2403837742
| 2017-09-26 09:20 | iPhone |


tag.coun=1, tag=mDCTbiuqXvf99Ugg4rQYtPN1JAo=
[芊芊雨陌陌](http://weibo.com/u/1674069903)
本应该踱着小碎步优雅慢走的长裙，被我赶班车的时候一路小跑翘起了裙边哈哈哈哈哈

[-] 长裙 小碎步
[-] 1510276664000|u/1674069903
| 2017-11-10 09:17 | 搜狗高速浏览器 |


tag.coun=1, tag=ShXDzBAxVS3YnTuqnLCO4iH0zto=
[养的是野兽派戏精](http://weibo.com/u/2010820651)
昨天穿了一条包身长裙一双细高跟走起路来逼着我迈小碎步真是难为我了今天果断换成长裤平跟鞋感觉走路都能生风宛若重生这辈子淑女人设大概是要靠演技了

[-] 长裙 小碎步
[-] 1510361181000|u/2010820651
| 2017-11-11 08:46 | iPhone客户端 |


tag.coun=1, tag=la756ZUf+O+HMuHWs4MGBgFr11c=
[白茶清歡無別事930](http://weibo.com/u/2704879977)
果然穿裙子真不方便，特别是长裙，不能大步的走路，要比平时早五分钟，只能小碎步走，我容易吗，生怕堵车迟了，下车后不能狂奔

[-] 长裙 小碎步
[-] 1510620856000|u/2704879977
| 2017-11-14 08:54 | OPPO智能手机 |


tag.coun=1, tag=GC1ngGuslgQYmO5eK165NUMN8CQ=
[小芽菜01553](http://weibo.com/u/6321159949)
一点都不开心给错早点两种交通方式交叉滴溜大长裙掂着小碎步顶撞教练这一天过的真鸡儿糟心好像只有买买买可以缓解了

[-] 长裙 小碎步
[-] 1512477413000|u/6321159949
| 2017-12-05 20:36 | 小米Note |


tag.coun=1, tag=f5sC2ReDWCqdc1Yn+hDZjXbHVjw=
[像极了一条狗](http://weibo.com/u/5860359411)
把长裙崩掉了看来不适合小碎步

[-] 长裙 小碎步
[-] 1514040420000|u/5860359411
| 2017-12-23 22:47 | iPhone客户端 |


tag.coun=1, tag=hR9RF1TfNJdE10z1mG5uXBaOZvg=
[Giraffe_Coco](http://weibo.com/u/2296379075)
今天穿了条长裙然后发现完全挡住了我走路我现在就和日本女生一样只能倒小碎步

[-] 长裙 小碎步
[-] 1520808495000|u/2296379075
| 2018-03-12 06:48 | iPhone客户端 |


tag.coun=1, tag=wW8Gum0CNl7cLpeEtU0Pe+vRPy4=
[仲知陵](http://weibo.com/u/5765326617)
午后，阳光，微风，小碎步，轻轻浮起的五彩长裙，回眸一笑，她。卡。这一瞬间。美！初恋。在这一刻开始了……|郑州·河南...

[-] 长裙 小碎步
[-] 1521105156000|u/5765326617
| 2018-03-15 17:12 | 柔光自拍vivo X7Plus |


tag.coun=1, tag=QO912gO9gRrvbm1pg1ZzWBc32Lo=
[徐凯颖大队长](http://weibo.com/xukaiying1017)
我可能只适合当一个女汉子。今天突发奇想的装淑女，穿了条长裙，结果，走路都不能迈大步，这小碎步倒的，着急死我了～#做个女孩子真不容易#

[-] 长裙 小碎步
[-] 1522666815000|xukaiying1017
| 2018-04-02 19:00 | weibo.com |


tag.coun=1, tag=7Vb1IN6VHf8AFGU0H+c1ImV/dU0=
[LZLdgirL](http://weibo.com/u/5118577756)
眼看上班就要迟到了，想迈开我矫健的步伐快走，可是这条长裙限制了我的大长腿，只能踏着长度只有以前三分之二的小碎步急走。想跑但是无法像刘翔一样的跨越，只能像一只小老鼠一样窸窸窣窣……我真的是后悔买了这么一条长裙……

[-] 长裙 小碎步
[-] 1523857185000|u/5118577756
| 2018-04-16 13:39 | OPPO R9 |


tag.coun=1, tag=UzkODCzDAwJpoluGLs/rPxrpcy0=
[Taeburry](http://weibo.com/u/3973300442)
果然汉子不适合长裙骑车骑不了走路走不快跑步小碎步可真真憋屈死我了

[-] 长裙 小碎步
[-] 1524025396000|u/3973300442
| 2018-04-18 12:23 | OPPO智能手机 |


tag.coun=1, tag=D+vklU0VLdjVGfPVPRokwu/Jsu8=
[Michelle_花](http://weibo.com/u/3089055902)
有毒吧穿了个长裙发现只能一路小碎步感觉自己像只企鹅电梯还要爬

[-] 长裙 小碎步
[-] 1524794689000|u/3089055902
| 2018-04-27 10:04 | iPhone客户端 |




# Word: 牛仔裙 小碎步
http://s.weibo.com/weibo/%E7%89%9B%E4%BB%94%E8%A3%99%20%E5%B0%8F%E7%A2%8E%E6%AD%A5


tag.coun=1, tag=Bh46DOr+3miDsahjXJRG6m9eXHM=
[早早cc](http://weibo.com/u/1491570835)
早上，穿了条窄款的牛仔裙，感觉走路都很吃力，只能迈着小碎步，裙子嘛就这么点宽度，走的速度快了点，人都要跌倒了~我走的很辛苦，想把裙子拉高点，然后大踏步的走路。

[-] 牛仔裙 小碎步
[-] 1279764583000|u/1491570835
| 2010-07-22 10:09 | weibo.com |


tag.coun=1, tag=IszQ5MKFf4Uuc/HCLut0BYsjQFA=
[無敵路盲仔](http://weibo.com/u/1464584720)
穿紧身直筒牛仔裙伤不起！一步只能迈开十厘米！走小碎步走到抽筋有没有！眼看绿灯快变红灯只能干着急有没有！最后还是迟到了！比高跟鞋还要坑爹！

[-] 牛仔裙 小碎步
[-] 1315527981000|u/1464584720
| 2011-09-09 08:26 | iPhone客户端 |


tag.coun=1, tag=q2tCKekz+Klzfjq1C6RO8fBBkYQ=
[Serena穆](http://weibo.com/muyuanw)
终于到家了，一群狗狗迎接真是好幸福！牛仔裙好窄，迈了一天小碎步...好累我看以后我还是穿那种波西米亚什么的裙子吧....

[-] 牛仔裙 小碎步
[-] 1338895185000|muyuanw
| 2012-06-05 19:19 | iPhone客户端 |


tag.coun=1, tag=7Tm93QcWN4Xad8voyn0l5DudjK4=
[赵芹瑜](http://weibo.com/u/1854429711)
今天T恤加牛仔裙，轻装上陈结果出门才发现裙子是小窄裙只能小碎步走路想回去换来不及了

[-] 牛仔裙 小碎步
[-] 1346716445000|u/1854429711
| 2012-09-04 07:54 | Android客户端 |


tag.coun=1, tag=pLhh97nKk+sjVLV5Vbtbq04q9lI=
[锦瑟无端717](http://weibo.com/u/1788692284)
今天穿了一条长筒牛仔裙，走路必须小碎步，大刀阔斧干活不行呀，那岂不是直接逼我优雅？

[-] 牛仔裙 小碎步
[-] 1346813322000|u/1788692284
| 2012-09-05 10:48 | weibo.com |


tag.coun=1, tag=x/xJtMblmz6EcHy4ZgcCmPn9pbA=
[cherubic_苗苗](http://weibo.com/u/1239468901)
今天穿了次长至脚踝的牛仔裙，我这才知道自己一直以来走路是多么“大步流星”，小碎步长时间真有点尴尬，一着急就觉得自己要栽跟头╮(╯_╰)╭

[-] 牛仔裙 小碎步
[-] 1370005228000|u/1239468901
| 2013-05-31 21:00 | Android客户端 |


tag.coun=1, tag=bybVkEDG9r7Rhm7DHbUlqSY3MtU=
[萍常芯儿](http://weibo.com/pingersodinarylife)
回收了一条好姐妹的牛仔裙，今天穿上感觉美美的，只是没有弹性还绷得紧，小碎步走不了太远的路

[-] 牛仔裙 小碎步
[-] 1413688763000|pingersodinarylife
| 2014-10-19 11:19 | 魅族 MX2 |


tag.coun=1, tag=WfndYkKQ0aNMsg1wHKt78ERXxU0=
[sssetsunaaa](http://weibo.com/u/3236624324)
一条裙子换两种趣味的可汉子可妹子牛仔裙，后面荷叶摆的设计，突破传统小碎步走路，高抬腿大步走，都不怕～@左娇娇Rosemary@左娇娇私服店长

[-] 牛仔裙 小碎步
[-] 1432812444000|u/3236624324
| 2015-05-28 19:27 | iPhone 5s |


tag.coun=1, tag=5nYSYh1LWgnfQIhb8JRgZUPA2S0=
[栗子qiqibaba](http://weibo.com/u/3494099081)
早上穿了条牛仔裙出门，然后发现走路不能大步流星了，只能小碎步慢慢移动，公交车人太多本想骑个自行车，结果发现根本坐不上去太尴尬了，只能安静的做个小淑女了……

[-] 牛仔裙 小碎步
[-] 1495083559000|u/3494099081
| 2017-05-18 12:59 | iPhone 6 |


tag.coun=1, tag=nMlNH/nSRuV2LrD5hJvxKVDaqxg=
[Mo圆圆](http://weibo.com/u/6264306562)
别人穿长牛仔裙那是步步生莲，我穿只管叫作小碎步

[-] 牛仔裙 小碎步
[-] 1502031989000|u/6264306562
| 2017-08-06 23:06 | 荣耀8青春版 颜值担当 |




# Word: 裙 小碎步
http://s.weibo.com/weibo/%E8%A3%99%20%E5%B0%8F%E7%A2%8E%E6%AD%A5


[SKIP] 网页链接, 69DRraiKghpZWhXfMXHW8swvAHM=
[Wuli欢欢小恶魔](http://weibo.com/u/6037474172)
想穿上碎花裙想迈开小碎步在初夏的午后说一句喜欢你孟大宝《欢喜》网页链接@QQ音乐网页链接

[-] 裙 小碎步
[-] 1524584585000|u/6037474172
| 2018-04-24 23:43 | QQ音乐 |


[SKIP] 网页链接, mOJeGnv0vSUXrQ7NOhAw8RhDMtQ=
[lyt03170414](http://weibo.com/u/6311159555)
#QQ看点#提裙小碎步、红毯级走姿,只因收工早,迪丽热巴就高兴成这样￼网页链接

[-] 裙 小碎步
[-] 1523376811000|u/6311159555
| 2018-04-11 00:13 | 前后2000万 OPPO R11s |


[SKIP] 展开全文c, JD6tEZamwp4s0jhvV65XurExdPA=
[大侠的大虾呀](http://weibo.com/u/2654132982)
#迪丽热巴##迪丽热巴烈火如歌#提裙小碎步太可爱了#电视剧烈火如歌##烈火如歌大结局#【江湖闲话录】之“收工的正确步伐”大放送！收工啦收工啦！在我们烈火剧组，有这么两位江湖儿女@Dear-迪丽热巴@刘芮麟Wayne，在收工的时候哟，一个迈着嘚瑟的小碎步，一个迈着自嗨的大跨步，看起来调皮值MAX有木有。真是的，好看的人灵魂还这么有趣……...展开全文c

[-] 裙 小碎步
[-] 1522987205000|u/2654132982
| 2018-04-06 12:00 | 人气小管事iPhone客户端热巴心里iPhone客户端 |


[SKIP] 网页链接, XOZO5H8vPbdOQ0mjh+4OEy44Vhg=
[空心丶唯](http://weibo.com/u/5824890520)
徐秉龙/沈以诚《白羊》网页链接@QQ音乐白羊像白羊里所唱的一样，多热烈的白羊，多善良，多抽象。每个人心中都有个那样的白羊吧，是阳光下的石榴裙，是走廊旁的小碎步，是课桌前的一次回眸，是夜晚时的一阵心跳。可惜，青春一记荒唐，多疯狂，多惆怅。不会再有这样的...展开全文c

[-] 裙 小碎步
[-] 1521045087000|u/5824890520
| 2018-03-15 00:31 | QQ音乐 |


tag.coun=1, tag=P8bvow5XRQTYitmxaP2k0eySWJ4=
[电影超时空同居](http://weibo.com/u/6356928209)
@雷佳音委屈，明明小碎步是为了不踩到@佟丽娅的仙女裙来着#电影超时空同居#@雷佳音你就等着佟丽娅发你黑照吧，走红毯不光不定位还踩人家裙子（还小碎步？？）坐等今晚丫丫微博爆料了我

[-] 裙 小碎步
[-] 1523788609000|u/6356928209
| 2018-04-15 18:36 | iPhone客户端 |


tag.coun=1, tag=cv2PzL4nb98yjNhR1wdRtzyIuBQ=
[万茜全国后援会](http://weibo.com/wanqiantieba)
#万茜##万茜三国机密#【万茜亚洲蹲】小碎步曳地裙端庄皇室坐姿，伏寿凉凉真优雅大气@万茜@万茜亚洲蹲皇室坐姿，统统不在我们凉凉话下~#三国机密之潜龙在渊##三国机密#

[-] 裙 小碎步
[-] 1523852640000|wanqiantieba
| 2018-04-16 12:24 | weibo.com |


tag.coun=1, tag=HMJYvcfCBgYGEHad+lQsFJE6Qzo=
[小小鸽子匪](http://weibo.com/biaozhinvhanzi)
买了个牛仔包臀裙，长度到小腿，刚穿上觉得还不错，一出门走路就发现问题了，完全迈不开步子，强制性小碎步（可能有点夸张）更过分的是我迈个高一点的台阶都差点抬不起腿来！

[-] 裙 小碎步
[-] 1524554340000|biaozhinvhanzi
| 2018-04-24 15:19 | Weibo.intl |


tag.coun=1, tag=Ob3whF/zXA04RCBaXohQeagivEE=
[CCCHERYLRYL](http://weibo.com/CHERYLRYL)
今天…穿了一条很尬的裙…严重限制了我迟到路上豪迈的脚步…每走一步都十分艰难…小碎步的世界我不懂

[-] 裙 小碎步
[-] 1524707482000|CHERYLRYL
| 2018-04-26 09:51 | iPhone客户端 |


tag.coun=1, tag=+JWgFBO7EjR4w0ma/NRP+YJL1q8=
[理智先生的疯丫头](http://weibo.com/u/6235677930)
想穿上碎花裙，想迈开小碎步，在初夏的午后，说一句喜欢你。|洛阳·洛阳...

[-] 裙 小碎步
[-] 1524718647000|u/6235677930
| 2018-04-26 12:57 | iPhone客户端 |


tag.coun=1, tag=GnEBM21NNZtnuG8ZJaPeayH1HLg=
[咬一口起司猪](http://weibo.com/u/6534936549)
穿开口小的呢子裙过马路都是小碎步呢

[-] 裙 小碎步
[-] 1524882344000|u/6534936549
| 2018-04-28 10:25 | iPhone X |


tag.coun=1, tag=NVZM2tsWHXV90K5Jcvm00VTQAr8=
[等一台时光机](http://weibo.com/waitforatimemachine)
落枕落了半扇背，早晨艰难地从床上蠕动起来，随时感受钻心剜骨。然后只能挺胸抬头小碎步挪动，百褶裙都不带动的那种，被人夸今天特别端庄……

[-] 裙 小碎步
[-] 1525312418000|waitforatimemachine
| 2018-05-03 09:53 | iPhone客户端 |


tag.coun=1, tag=GuIYzdbTFdkiqrYw0mkdd676mS4=
[我想当僵尸粉](http://weibo.com/xiangqq)
这不是一步裙啊！是半步裙啊，小碎步走得我心累！

[-] 裙 小碎步
[-] 1525684078000|xiangqq
| 2018-05-07 17:07 | iPhone客户端 |


tag.coun=1, tag=ZODRS0KCtAoJkH7sD+mWYlGb6a8=
[牛奶芋子](http://weibo.com/u/6218200814)
#Milk’sootd#穿碎花裙，当然迈小碎步啦今天的⌚️来自@RumbaTime官方微博钻石切割的表面在阳光下BlingBling也幽会放在底下🏻啦

[-] 裙 小碎步
[-] 1525692239000|u/6218200814
| 2018-05-07 19:23 | iPhone 7 Plus |


tag.coun=1, tag=2hj7Q6cucERSDURpK27SWxPghoc=
[-小楼夜听风-](http://weibo.com/u/1834679450)
我穿着衬衫和一步裙，踩着小低跟黑皮鞋莲花小碎步来到车站等车，我旁边的一个大妈边织着毛衣边等公交。看样子是孩子的毛衣，这样的闷热天，还挺有爱的。

[-] 裙 小碎步
[-] 1526108141000|u/1834679450
| 2018-05-12 14:55 | iPhone 7 Plus |


tag.coun=1, tag=q8SHz1YMqj5AEIgOxZzgpVRPVUo=
[胡全部都是天](http://weibo.com/u/3739875051)
终于穿了我心心念念的背带裙可是走路像个企鹅小碎步像只可爱的猪猪

[-] 裙 小碎步
[-] 1526123515000|u/3739875051
| 2018-05-12 19:11 | 魅蓝 Note3 |


tag.coun=1, tag=CwH3PSEIu2Jh7coS/ewwgzZYAaQ=
[EE落落落](http://weibo.com/u/1660803764)
今天穿了高腰偏修身的迷笛裙出门，着急快走的时候就变成了小碎步，感觉自己像唱戏的。

[-] 裙 小碎步
[-] 1526273687000|u/1660803764
| 2018-05-14 12:54 | iPhone客户端 |


tag.coun=1, tag=IwmkWkjBvSwZ8Acp+3SrdrFkWBM=
[ChenFanFanxx](http://weibo.com/u/2548818422)
穿了只能小碎步的裙裙抓到喜欢的时间再走得慢些就更好了

[-] 裙 小碎步
[-] 1526391170000|u/2548818422
| 2018-05-15 21:32 | iPhone客户端 |


tag.coun=1, tag=rQ4SOTCs5xfKYtByHGirypm1SHc=
[手机用户18365688](http://weibo.com/1721h)
大步流星的我被一步裙制裁成小碎步

[-] 裙 小碎步
[-] 1526554818000|1721h
| 2018-05-17 19:00 | 三星GALAXY A |


tag.coun=1, tag=vc0XkDswzauQp8KwspcP5UpzzQM=
[胖迪视频小站台](http://weibo.com/u/5722850615)
#迪丽热巴能量月##迪丽热巴电影21克拉#原来你是这样的热巴收工显摆型，全身上下都是戏迈着提裙小碎步...只为显摆本人收工了社会社会@Dear-迪丽热巴King胖迪迪...

[-] 裙 小碎步
[-] 1524807656000|u/5722850615
| 2018-04-27 13:40 | 前置双摄vivo X9 |


tag.coun=1, tag=jTILRDrZ072M27H7PMtwWXMl1/4=
[幽默搞笑蜀黍](http://weibo.com/u/6102574301)
提裙小碎步、红毯级走姿，迪丽热巴高兴成这样只因收工早

[-] 裙 小碎步
[-] 1523242131000|u/6102574301
| 2018-04-09 10:48 | weibo.com |




# Word: 职业长裙
http://s.weibo.com/weibo/%E8%81%8C%E4%B8%9A%E9%95%BF%E8%A3%99


[SKIP] 展开全文c, LpfxZyUmlsnLEbvdiy01cbRm0M4=
[柳若赤赤赤赤赤](http://weibo.com/u/2638227922)
#第五设计师##第五设计师##监管者#监管者——来凑一个音乐系列吧姓名：金·格雷特（Jin·greet）特质：1.体弱2.对声音很敏锐3.好胜心强职业：小提琴家...展开全文c

[-] 职业长裙
[-] 1524220506000|u/2638227922
| 2018-04-20 18:35 | iPhone客户端 |


[SKIP] ；, 4V5Gc+r94/+NC94Q3RRuJAB2Gtg=
[时尚芭莎](http://weibo.com/bazaarchina)
#2018秋冬纽约时装周##芭莎带你看时装周#本季@VictoriaBeckham带我们继续探索一个极简时髦的女性形象——超大外套凸显气场，全场强调腰部线条增添纤细视觉感；针织运动装更能让身体放松，搭配一个超大手包，职业女性一定很爱；白色打褶修身长裙，不经意间勾勒出完美轮廓；性感的豹纹图案让一身极简装...展开全文c

[-] 职业长裙
[-] 1518493641000|bazaarchina
| 2018-02-13 11:47 | iPhone 6 Plus |


[SKIP] 展开全文c, AyoBMaGjhB0LoEjbmgBZOie5Qeg=
[猪tou小队长](http://weibo.com/u/5541062261)
emmm分好几次加快进看完了三个多小时的特洛伊战争这个电影里面印象最深的就是阿波罗神殿里的女祭司'特洛伊王子们的表妹了真的太漂亮了去百度搜了她发现她竟然是X战警里面的女特工真的果然漂亮的人什么样子都是美的什么概念都可以驾驭的啊穿着古希腊长裙长长的卷发好看穿着职业装精明干练也好看总...展开全文c

[-] 职业长裙
[-] 1513145667000|u/5541062261
| 2017-12-13 14:14 | OPPO R9 Plus |


[SKIP] 爱奇艺, el/TOdlqLnAqF+FgiuNHkv/L31U=
[爱奇艺娱乐](http://weibo.com/qiyiyule)
【陈龙转发#章龄之裸背#写真醋意十足】昨日，陈龙在微博中转发了娇妻@章龄之的一组裸背写真。写真中的章龄之卸下黑白职业装，换上黑色蕾丝长裙性感现身，裸背诱惑性感又霸气，妩媚十足，陈龙转发后并带有醋意的配文道：“小心感冒”。引来网友围观！

[-] 职业长裙
[-] 1511847646000|qiyiyule
| 2017-11-28 13:40 | weibo.com |


[SKIP] ilovevideo, ZXF550h+BHwwCkuZ4Mpp0Gr+G44=
[腾讯视频](http://weibo.com/ilovevideo)
【章龄之裸背】#章龄之猎场##章龄之#@章龄之裸背写真曝光卸下黑白职业装，换上黑色蕾丝长裙性感现身，裸背诱惑性感又霸气，衣玫姐真真是可盐可甜了！

[-] 职业长裙
[-] 1511797878000|ilovevideo
| 2017-11-27 23:51 | 大长腿Android |


[SKIP] tudouyule, LYxhIjz8M6+w/emm4Cyo7s/rtXw=
[优酷娱乐](http://weibo.com/tudouyule)
#章龄之#裸背写真曝光，卸下黑白职业装，换上黑色蕾丝长裙性感现身，裸背诱惑性感又霸气，引得一众网友直呼“这还是我当初认识的衣姐吗？”

[-] 职业长裙
[-] 1511793106000|tudouyule
| 2017-11-27 22:31 | weibo.com |


[SKIP] 精美JSTYLE, kDOPAw3liHSjZiEv0BzKgjXMCEk=
[精美JSTYLE](http://weibo.com/fengshangzhi)
#精美星鲜事##章龄之#裸背写真曝光，引发不少网友争议。卸下黑白职业装，换上黑色蕾丝长裙性感现身，裸背诱惑性感又霸气，引得一众网友直呼“衣姐真真是可盐可甜了！”、“这还是我当初认识的少女贾衣玫吗？”@章龄之@章龄之影迷后援会

[-] 职业长裙
[-] 1511764614000|fengshangzhi
| 2017-11-27 14:36 | iPhone客户端 |


[SKIP] 搜狐娱乐, LxhIHTM6bkNOsi7BAjJ+BOfaQIE=
[搜狐娱乐](http://weibo.com/sohutv)
【章龄之裸背】今日，#章龄之#裸背写真曝光，引发不少网友争议。卸下黑白职业装，换上黑色蕾丝长裙性感现身，裸背诱惑性感又霸气，引得一众网友直呼“衣姐真真是可盐可甜了！”、“这还是我当初认识的少女贾衣玫吗？”

[-] 职业长裙
[-] 1511761839000|sohutv
| 2017-11-27 13:50 | 搜狗高速浏览器 |


[SKIP] 网页链接, RHrQnU1C3lkKKgfeYGVo5+u704o=
[易芫千锦](http://weibo.com/YYQX521)
别穿红色衣服别暴露属性！今天严查红色！可以穿得职业性一点装作媒体或者穿其他色，有长裙可以穿长裙，把灯牌绑大腿上！（不过有看到说女保安会仔细搜）过安检的时候淡定一点面对保安，能不搭理就不搭理。聚在一起多商量琢磨一下，一切小心！网页链接今天直播因为我们家主攻区域也是别家的！！所以！！！不一定有811集中！！每个人真的要想办法带灯牌！！

[-] 职业长裙
[-] 1502586517000|YYQX521
| 2017-08-13 09:08 | iPhone 6sOPPO R9s |


[SKIP] 展开全文c, RReVcIWND1H3sCX61on+QgUTdKI=
[YU-少年小短褲了解一下親](http://weibo.com/antidx)
啊……………………………………………………。。。。。。...展开全文c

[-] 职业长裙
[-] 1501955791000|antidx
| 2017-08-06 01:56 | iPad mini |


tag.coun=1, tag=+S4/KE1Mjhb5VibSSIyt2xMqou0=
[Angel萝莉的辣妈](http://weibo.com/u/5623116414)
职业装的外壳包裹着焦躁的心灵！长裙曳地，黑色长披肩，妆容整齐，微笑职业，工作热情！但是有谁知道她昨夜无眠，即使病小，但缠身，心情焦虑，时刻煎熬！|沈阳·北二...

[-] 职业长裙
[-] 1503884731000|u/5623116414
| 2017-08-28 09:45 | iPhone 6 |


tag.coun=1, tag=9c4BU+9x6N0mCaN9ZjY8L0Ti6Lc=
[Hannah-GMJ](http://weibo.com/u/3554661691)
从今开始走职业路线从剁手三条长裙开始！

[-] 职业长裙
[-] 1505567675000|u/3554661691
| 2017-09-16 21:14 | iPhone 6s |


tag.coun=1, tag=94D2bL20iviZ2DMH6MLoBcOZET0=
[二月廿七-](http://weibo.com/272499442)
穿了个长裙回来姐夫说我终于穿的职业一点了

[-] 职业长裙
[-] 1508671462000|272499442
| 2017-10-22 19:24 | iPhone 6 |


tag.coun=1, tag=d2ZVklx1f2YCX5CrF5TiNz0IbVA=
[黎明的太阳69](http://weibo.com/u/3933000996)
【浅笑盈盈Ⅰ理想的婚姻】红娘说:从衬衫到长裙,从帆布鞋到高跟,从素颜到淡妆,从文艺女孩到职业teacher,她仿佛都。她把生活写成了故事,把年华赋成了诗的对白.对于未来,充满向往与期待.生命有太多的可能性,下次旅行,与子携手同行可好?面朝大海,春暖花开...双十二（来自Q友）|石家庄·留...

[-] 职业长裙
[-] 1513089369000|u/3933000996
| 2017-12-12 22:36 | vivo智能手机客户端 |


tag.coun=1, tag=B/fWJGHLCGSvTSUVvwbuXGhjB2U=
[眯着眼睛晒太阳喽](http://weibo.com/u/6091124858)
买了条长裙还没上身，仪容仪表规范：裙子不能超过工作服，这个职业注定与臭美无缘，也好，省的我花心思！好，背书半小时，睡觉！

[-] 职业长裙
[-] 1516978740000|u/6091124858
| 2018-01-26 22:59 | 小米5s 拍照黑科技 |


tag.coun=1, tag=FayPjZBPqvRN4h4A/njYKJ657gc=
[VeronicalovesLG](http://weibo.com/u/6355950225)
原著里最喜欢的安吉拉完全不是这样的全剧唯一（真的只有这一处与我脑内自定的不相符）应该（记得是）有头红色随意的长发穿类似波西米亚风长裙，不羁又随意谁都不care。而不是这种特别“职业”的发型配上非常“精致”的表演黑裙。不是原著走出来的感觉

[-] 职业长裙
[-] 1520864446000|u/6355950225
| 2018-03-12 22:20 | Weibo.intl |


tag.coun=1, tag=/sOeYh/3YTHa7JsfXskLy4iMNk8=
[云养猫界扛把子](http://weibo.com/u/5548344545)
今天是新的一对一私教的第一次课，一切顺利学生和家长都特别满意，就是最后课时费家长因为转账限额给了一信封现金交接的时候旁边桌上看过来好几眼，感觉对我（红发浓妆长裙高跟鞋）的职业产生了兴趣和怀疑...

[-] 职业长裙
[-] 1525528287000|u/5548344545
| 2018-05-05 21:51 | Weibo |




# Word: 紧身长裙
http://s.weibo.com/weibo/%E7%B4%A7%E8%BA%AB%E9%95%BF%E8%A3%99


[SKIP] 展开全文c, eK0MblBX3X9rmDIjWBhOt1II7zo=
[嗖哩欧尼](http://weibo.com/u/3310656492)
去旅行怎么能不好好打扮下自己？于是嗖哩穿了紧身碎花长裙配上带有蕾丝带子的小草帽还有花朵耳环~加上百搭的小白软皮鞋这套美美的出游装就完成啦拍摄地是香港中环区~甜美感与港味儿相融合的一天...展开全文c

[-] 紧身长裙
[-] 1526609801000|u/3310656492
| 2018-05-18 10:16 | 关注嗖哩送iPhone X |


[SKIP] ilovevideo, lx3fvPYaZJ3FM8Lytyao4XDiRW4=
[腾讯视频](http://weibo.com/ilovevideo)
#韩雪#一身黑色紧身长裙，高挑气场气质尽显是我们超美的@韩雪小姐姐没错了

[-] 紧身长裙
[-] 1522044478000|ilovevideo
| 2018-03-26 14:07 | weibo.com |


[SKIP] 展开全文c, s2jm2SU9bNuYNM9cYjqSpmCX72Q=
[追逐原产地的吃货](http://weibo.com/u/2315342977)
我就不明白这帮老大妈到底怎么想的？我擦！奇装异服或者肥胖身躯穿紧身长裙，丝巾更是人手一条的必备装备！为什么审美都一样啊？穿身运动服不好么？在家穿什么出去穿什么自然点不好么？到处嚷嚷到处抢，所到之处洋毛子用异样眼光躲着，刚富起来的一批人就这样在世界人民的眼中展示了中国人的素质和任性...展开全文c

[-] 紧身长裙
[-] 1526356500000|u/2315342977
| 2018-05-15 11:55 | iPhone客户端 |


[SKIP] 展开全文c, PiGOhQ7L/8wITnjcv/pFcN2DzIs=
[繁體简体我都喜歡](http://weibo.com/u/2383122142)
今早，一个女同事盛赞另外一个女同事今天穿得很好看，我听完内心受到万点暴击！这睁眼说瞎话的功力简直令人五体投地！人就一小胖墩，比我还矮，穿了一件紧身TShirt，小腹赘肉一览无遗，外加齐脚长裙，整个就一影响市容市貌的移动败笔装饰。你夸她裙子设计好看我还可以理解，起码高个子穿也...展开全文c

[-] 紧身长裙
[-] 1526291977000|u/2383122142
| 2018-05-14 17:59 | iPhone |


[SKIP] 搜狐娱乐, cLAuiL+o1eJccg10F++flxddjm8=
[搜狐娱乐](http://weibo.com/sohutv)
【独家：马伊琍露性感香肩拍广告助理帮穿鞋hold住女神范儿】近日摄影师在片场遇见了正在拍广告的马伊琍。身着肉色长裙露出性感香肩，紧身材质勾勒出完美曲线。拍摄前马伊琍拿着台本，一手搂着裙摆，一边认真的在背广告词。拍摄时间快到时，马伊琍便穿着拖鞋一路小跑到拍摄场地，随后身边助理便拿出早...展开全文c

[-] 紧身长裙
[-] 1526003986000|sohutv
| 2018-05-11 09:59 | weibo.com |


[SKIP] 秒拍, /xxu1yvjWbanY2wHWvkm38B8HaM=
[一线视点](http://weibo.com/u/6185354085)
王丽坤水原希子戛纳电影节红毯上，#王丽坤#身穿紧身束腰长裙和#水原希子#相遇，两大美女亲密携手玩贴面亲亲，#林更新#看了会吃醋吗？一线视点的...

[-] 紧身长裙
[-] 1525920823000|u/6185354085
| 2018-05-10 10:53 | 秒拍网页版 |


[SKIP] 展开全文c, Hn9kiPcNmBAj5BDjKU81X/35MWQ=
[我一点都不](http://weibo.com/u/3825077224)
哇下午男神约我去次饭！我没回复微信还给我call了电话！！！然而这些鸡毛蒜皮的每一个细节都要被我纠结个七八遍：穿直筒裤还是紧身裤，穿半身裙还是长裙，穿淡紫色T恤还是一字肩雪纺，戴恶魔之眼还是戴小红人，扎头发还是披头发，涂黑管500还是tf80…今天还和男神逛了校园嘻嘻嘻明晚又能见到我的男...展开全文c

[-] 紧身长裙
[-] 1525276367000|u/3825077224
| 2018-05-02 23:52 | 宇宙cool级iPhone X |


[SKIP] 秒拍, R0HJo0VYhm2xEUeaT9O+ZgG4Q7c=
[芒果捞小萌主](http://weibo.com/u/5705021476)
【徐冬冬鼻血演技】“大嫂”徐冬冬演技一路开挂，@徐冬冬身穿紧身长裙，妩媚的大波浪长发，妖娆迷人！每个眼神中都带着节奏，感觉身体的每个动作都是戏份满满，最后霸气的用吞硬盘“强吻”来回击对手，堪称十级暴击力！看完不流鼻血算我输！秒拍娱乐的...

[-] 紧身长裙
[-] 1524623637000|u/5705021476
| 2018-04-25 10:33 | weibo.com |


tag.coun=1, tag=WkLAZslYoU4ujjl8xr1EV2G2RMM=
[下吓霞虾](http://weibo.com/linlixia19920924)
我现在胖到只能穿长裙了，黑色紧身裤已经不能拯救我了。

[-] 紧身长裙
[-] 1524384002000|linlixia19920924
| 2018-04-22 16:00 | 努比亚Z17 无边双摄 |


tag.coun=1, tag=KYDH6eelVp4TUrjl42dvOOuWLZs=
[一条废鱼了](http://weibo.com/u/2913281963)
突如其来的降温没带衣服，家里也没有于是在长裙里面套了条我妈的紧身裤我妈说没事的反正你们现在衣服都乱穿的我现在走路都带风，感觉自己可潮了万一人家觉得得这是个流行趋势呢

[-] 紧身长裙
[-] 1524557724000|u/2913281963
| 2018-04-24 16:15 | 水晶鱼🎀iPhone 6 Plus |


tag.coun=1, tag=8fi/L0Ipze7uZR67LptpEeSNAF4=
[棒棒的棒棒123](http://weibo.com/u/6189151166)
啊被大二时运动会开幕式穿着紧身长裙踢正步支配的恐惧#潍坊学院第十七届春季运动会#明天就是运动会啦！宝宝们激不激动兴不兴奋呢运动会最重要的当然是看比赛啦！小编已为大家整理好各项目的时间，详情猛戳下图总之，千言万语汇成一句话。加油！加油！加油！

[-] 紧身长裙
[-] 1524664813000|u/6189151166
| 2018-04-25 22:00 | 二娃的AndroidiPhone客户端 |


tag.coun=1, tag=QPwXSRmZXQtBWpO64QTJ5eDLzK8=
[野系李不清](http://weibo.com/u/1689308322)
可以变形长胖不漂亮，但只要有一份厉害的工作，还是可以穿紧身露背瘦女孩专属长裙同时指挥那些瘦女孩。

[-] 紧身长裙
[-] 1525401606000|u/1689308322
| 2018-05-04 10:40 | 坚果 Pro 2 |


tag.coun=1, tag=jpOQk9Zyrx6ikNSd2D7XqUcamgw=
[全球视频大魔王](http://weibo.com/u/6056364912)
美国美女时尚网红，使用垃圾袋、紧身衣和胶带，手工制作了一件暗黑风长裙，真是心灵手巧，手癌的我……全球视频大...

[-] 紧身长裙
[-] 1525803176000|u/6056364912
| 2018-05-09 02:12 | 专业版微博 |


tag.coun=1, tag=udGib0s1pqCjrMFtsmDr5Cb4bnw=
[Dssdo_](http://weibo.com/u/5440162560)
啊今早还是难受的一批科室里来了个大波浪穿长裙和紧身针织衫的小姐姐，小蛮腰爆好看早上就想吃VIP火锅

[-] 紧身长裙
[-] 1525833626000|u/5440162560
| 2018-05-09 10:40 | Android |


tag.coun=1, tag=CP5OJe365IoVBlu+d3M2p1E4L0w=
[Hi陈哈哈](http://weibo.com/lulu0525)
看着为了拍照穿凉拖紧身长裙爬长城的妹子是我输了|北京·万里...

[-] 紧身长裙
[-] 1525843334000|lulu0525
| 2018-05-09 13:22 | iPhone客户端 |


tag.coun=1, tag=tN+iI7eLXn0P/FbJEmHX4VEYYJA=
[蓦然回首叹红颜S](http://weibo.com/u/5709596950)
性感的紧身长裙，衬托出迷人的曲线

[-] 紧身长裙
[-] 1525885001000|u/5709596950
| 2018-05-10 00:56 | Android |


tag.coun=1, tag=nAfWuKJO+d+5B0Y3uTsuaY85C0s=
[蓦然回首叹红颜S](http://weibo.com/u/5709596950)
紧身长裙真是让人欲罢不能

[-] 紧身长裙
[-] 1525921209000|u/5709596950
| 2018-05-10 11:00 | Android |


tag.coun=1, tag=6vMYTXIJB2FPLXuZPUeRMQpSHc4=
[一杯少女](http://weibo.com/u/2173752092)
露肩开叉紧身连衣长裙很性感很风情万种~

[-] 紧身长裙
[-] 1526078650000|u/2173752092
| 2018-05-12 06:44 | 皮皮时光机 |


tag.coun=1, tag=+aQi0jeXOrR0mqWm4XTVwlcrq9I=
[一生有你199811](http://weibo.com/u/5344081481)
《街拍：图3黑色无袖紧身长裙展现曼妙身姿，图6肤白貌美大长腿》

[-] 紧身长裙
[-] 1526298271000|u/5344081481
| 2018-05-14 19:44 | 百度App |


tag.coun=1, tag=LjS8RGcdpESJtV7cu96xOFaL+ZM=
[那堪云深](http://weibo.com/u/6120332816)
哦，那个穿着紧身长裙的女人太过温柔，但她的眼底压着冷淡，不羁布满心头。

[-] 紧身长裙
[-] 1527048993000|u/6120332816
| 2018-05-23 12:16 | iPhone客户端 |


tag.coun=1, tag=yTBp5TpEVMuu4MGv+nHWp9u4heg=
[JingKe街拍](http://weibo.com/u/5539534675)
重庆街拍露肩开叉紧身连衣长裙很性感很风情万种~

[-] 紧身长裙
[-] 1526187461000|u/5539534675
| 2018-05-13 12:57 | weibo.com |




# Word: 紧身 裙
http://s.weibo.com/weibo/%E7%B4%A7%E8%BA%AB%20%E8%A3%99


[SKIP] entpaparazzi, NBK/dhXHmF1+hGR9UItj75sTPNE=
[新浪娱乐](http://weibo.com/entpaparazzi)
牛姐颜值回春！玛利亚·凯莉（MariahCarey）和家人现身街头，穿黑色紧身裙大秀身材曲线，脸也变尖了，瘦身效果相当明显！心情很好的她还对着镜头飞吻，果然减肥很重要|玛利亚凯莉...

[-] 紧身 裙
[-] 1526388290000|entpaparazzi
| 2018-05-15 20:44 | weibo.com |


[SKIP] 搜狐娱乐, xtWBVW/q8kVr0gTeOhShrl0LygA=
[搜狐娱乐](http://weibo.com/sohutv)
第71届戛纳国际电影节，主竞赛片《喜欢，轻吻，快跑》举行首映礼。#何穗#身穿淡绿花朵裙秀香肩，#卢靖姗#身穿裸色纱裙小秀事业线，#马苏#黑色蕾丝紧身裙配大红唇，#姚星彤#身穿浅色露背礼服→网页链接最新的红毯look，哪一位略胜一筹？

[-] 紧身 裙
[-] 1526014529000|sohutv
| 2018-05-11 12:55 | 搜狗高速浏览器 |


[SKIP] 蝴蝶臂的烦恼, 2/xDswYR2Jbz87Ualt7UCD6fWww=
[化妆师miuo](http://weibo.com/u/3737972773)
很多女生都有蝴蝶臂的烦恼，吊带裙、紧身衣根本不敢穿…为了整体美感，一定要甩掉恼人拜拜肉，让手臂更纤细紧致，这五个简单有效的瘦手臂动作，赶紧收下吧！每天做一次，一定要坚持哦~

[-] 紧身 裙
[-] 1524874725000|u/3737972773
| 2018-04-28 08:18 | weibo.com |


[SKIP] 秒..., B/FtKYvgHzJ5iU4SgflYttyVK8s=
[太后女士](http://weibo.com/u/5093586248)
紧身裙热舞美女主播身材满分！KKlife的秒...

[-] 紧身 裙
[-] 1527060601000|u/5093586248
| 2018-05-23 15:30 | 皮皮时光机 |


[SKIP] 网页链接, PiYCXsvdN1exDQDyz+0Nvd2Zc04=
[发财哥ENT](http://weibo.com/u/3173406024)
安以轩亮片深V紧身裙秀完美事业线(同步自@新浪看点)网页链接

[-] 紧身 裙
[-] 1527043518000|u/3173406024
| 2018-05-23 10:45 | 手机新浪网 |


[SKIP] 展开全文c, w8EF3RQVkxLxu+X50mYf28qmf+0=
[李潍州](http://weibo.com/u/6082349818)
芦苇胸针摩纳哥汉诺威王妃私人藏品#约会博物馆#故事——芦苇叶片狭长、花茎笔直、线条优美纯粹。这枚芦苇胸针用于紧身褶裙（也称“紧身胸衣”）的装饰，从尺寸到造型皆超凡出众。尚美巴黎对动植物有着细致入微的观察，即便是不起眼的杂草，也能从中发现美感并将其转变为一种优雅的植物，仿佛...展开全文c

[-] 紧身 裙
[-] 1527038480000|u/6082349818
| 2018-05-23 09:21 | 一往情深的iPhone X |


[SKIP] 秒..., mhOAzDhgE505Z1adop+UdAlkuas=
[徐娘的茶蘼](http://weibo.com/qianlong215)
孔雀绿的紧身包臀裙～彩美-的秒...

[-] 紧身 裙
[-] 1526867915000|qianlong215
| 2018-05-21 09:58 | iPhone客户端 |


[SKIP] 展开全文c, xOEsyiFDKuXGxB8Tb+DXQyvJg70=
[奥特曼打怪兽yaya](http://weibo.com/u/3121369060)
我建议啊！胖的，屁股大的，垮又宽的！还是不要穿半身裙了，特别是半身的褶皱裙！显得垮宽的要死！还有那紧身的包臀裙，和你想象中的前凸后翘完全不一样！我真的是年年吃亏，还不长记性，买回来的半身裙只能看，只能自己闲的时候在镜子面前比划比划！...展开全文c

[-] 紧身 裙
[-] 1526652296000|u/3121369060
| 2018-05-18 22:04 | iPhone客户端 |


tag.coun=1, tag=GHf1qaGYFrFVJilC781N9K7LWg8=
[扒叫兽](http://weibo.com/bashu8888)
小S穿金色紧身裙放飞自我，随时来个表情包是不在怕的

[-] 紧身 裙
[-] 1526694919000|bashu8888
| 2018-05-19 09:55 | weibo.com |


tag.coun=1, tag=WbzfswY05WXhC/v8Ay5einPqYbk=
[是十级孤独单身狗](http://weibo.com/u/5271020089)
有个女的，穿那种紧身的半身裙，坐我对面，腿也不合一下，我真的不想看她内裤

[-] 紧身 裙
[-] 1526707215000|u/5271020089
| 2018-05-19 13:20 | 荣耀手机 勇敢做自己 |


tag.coun=1, tag=Vt6oeVLqvMlerwX9IfnzHdtPml8=
[喜欢你-LiG](http://weibo.com/u/6533513773)
恋爱后爆肥30斤的我穿紧身裙感觉要把自己勒死的节奏修照片修手残都藏不起来30斤肉520快乐今天是我们在一起第21个月纪念日也是我们分手后第一个纪念日

[-] 紧身 裙
[-] 1526756567000|u/6533513773
| 2018-05-20 03:02 | iPhone客户端 |


tag.coun=1, tag=4H8zpCIGAAjtNP0ZwAGypU/4T2I=
[Edelsteen](http://weibo.com/u/5605127956)
贝克汉姆夫妇参加了今天哈里王子大婚，维克多利亚的行头及表情引来无数目光，如同“Pippa的屁股”（2011年威廉婚礼上Pippa的紧身裙，图8）。因怕出现皱纹她连微笑也没有（11年参加威廉的婚礼也是如此），像出席葬礼。

[-] 紧身 裙
[-] 1526761395000|u/5605127956
| 2018-05-20 04:23 | iPhone客户端 |


tag.coun=1, tag=vvwnZwZko1su+M+GLGp3qU2SLbc=
[媛氏会所不二家](http://weibo.com/wangjiujie8023)
痛仰的经纪人小姐姐一身紧身深蓝衣蓝裙北极星小姐姐冲我一笑糟糕是心动的感觉

[-] 紧身 裙
[-] 1526789672000|wangjiujie8023
| 2018-05-20 12:14 | iPhone客户端 |


tag.coun=1, tag=xPL4OWLBCzamZ+ugKO11d9rcd98=
[SSpongeBobSquarePantss](http://weibo.com/u/2598512522)
有一次周末我妈非要穿紧身一步裙出去我说你这样走路走楼梯能蹦得开嘛她很自信又带有嘲我的口气说怎么不可以我又不是你于是她用力大步跨大步抬腿于是裙子刺啦一声撕到底于是裙子就废了千万不要带妈妈去动物园有一个逗比的妈妈是什么样的体验简直是太可爱了

[-] 紧身 裙
[-] 1526801139000|u/2598512522
| 2018-05-20 15:25 | iPhone 8iPhone客户端 |


tag.coun=1, tag=b8/gKYC7OIw32Ux7fWbyGtrM8z4=
[鸿儒750407](http://weibo.com/u/5929891776)
发布了头条文章：《街拍，吊带上衣紧身超短裙的美女，有这样的女朋友真好!》|街拍，吊带...

[-] 紧身 裙
[-] 1526803737000|u/5929891776
| 2018-05-20 16:08 | weibo.com |


tag.coun=1, tag=snAor6VxNDzEB2UdcsoYgp1ubsE=
[橙_吃货一枚](http://weibo.com/ellieheartuk)
「人形の家」场刊写真，现场脸最小腿最长的yuuhi在紧身裙里那叫一个美（然后就毫无预兆地让我看了和男人的生kiss）最后是下次公演攻两脸的海报，多拿了一张，有想要的说一声

[-] 紧身 裙
[-] 1526819932000|ellieheartuk
| 2018-05-20 20:38 | Android |


tag.coun=1, tag=PiC00iwyTafw6vsBEAwmRbFLtM8=
[等死先锋](http://weibo.com/jiqiuyan)
去年胖掉了牛仔短裤，今年胖掉了高腰紧身裙，明年会胖掉什么呢？让我们拭目以待吧～啾咪❤️

[-] 紧身 裙
[-] 1526821275000|jiqiuyan
| 2018-05-20 21:01 | iPhone客户端 |


tag.coun=1, tag=cqQio8+EwRGo+FndTBW611AefAw=
[Lydia张琳](http://weibo.com/u/2264959712)
嗯，去年的所有紧身裙都穿成了oversize，秀吃🥚，早～～

[-] 紧身 裙
[-] 1526863147000|u/2264959712
| 2018-05-21 08:39 | Lydia的iPhone 6s Plus(脑残粉) |


tag.coun=1, tag=t8YNFmj+rxt/fmWFpszc2DxLIJc=
[郑允钟_bot](http://weibo.com/44136110)
我也好想瘦到可以穿那种紧身裙啊

[-] 紧身 裙
[-] 1526886846000|44136110
| 2018-05-21 15:14 | Android |


tag.coun=1, tag=kJZR5RG6NarLvhUbQv5TVJrQCWI=
[秀丽女人花](http://weibo.com/u/6192877225)
胖美眉千万别穿紧身裤啊！阔腿裤或A字裙才最适合你！秀丽女人花...

[-] 紧身 裙
[-] 1526953808000|u/6192877225
| 2018-05-22 09:50 | 微博网页 |


tag.coun=1, tag=L5/A1cX41fbSXtfuEOwjREDxJ4I=
[-IF时尚-](http://weibo.com/u/5321667468)
#蔡依林#登《时尚芭莎》6月下封面大片，眼神霸气又野性，越是紧身的衣服，hold起来越是不在话下～#蔡依林皮质抹胸裙#@蔡依林

[-] 紧身 裙
[-] 1527002508000|u/5321667468
| 2018-05-22 23:21 | 专业版微博 |


tag.coun=1, tag=ykbUdhWhUNihvpfVAVbgeambsfM=
[别吃小兔子](http://weibo.com/u/2205600984)
我终于可以把前年买的紧身裙不吸气的穿上了。

[-] 紧身 裙
[-] 1527034623000|u/2205600984
| 2018-05-23 08:17 | ʚ🐰ɞ的iPhone 7 Plus |




# Word: 傣裙
http://s.weibo.com/weibo/%E5%82%A3%E8%A3%99


[SKIP] 展开全文c, PLFQQT16ctg6irh+1VWr0ZAuJag=
[宋忻356](http://weibo.com/u/2488052942)
早餐：包谷窝窝头＋台湾香肠＋胡萝卜＋草莓＋粉红水丫头的幼儿园开始讲述傣族、泼水节，这套傣裙是去年她干妈送的。今天穿上后非常兴奋，路上愿意花时间等同学，到了教室确羞涩的躲了起来。对于她在乎的人，就会用各种方法吸引对方注意（我们也一样），有时候方法看起来很笨，只要稍微注意，就...展开全文c

[-] 傣裙
[-] 1523409300000|u/2488052942
| 2018-04-11 09:15 | 荣耀8 美得与众不同 |


[SKIP] ；, SyDbd1NevST+jeqsZehQXLFM4Bw=
[九色鹿海韵](http://weibo.com/u/2027070805)
大理的云，普者黑的水，泸沽湖的姑娘笑容美；昭通的山，玉溪的烟，楚雄的菌子第一鲜；文山的瀑布建水的庙，苗族的背篼在山道；滇池的红嘴鸥年年飞，德宏的傣裙条条美；中甸香格里拉路途远，梅里雪山在召唤！|云南省·楚...

[-] 傣裙
[-] 1498114551000|u/2027070805
| 2017-06-22 14:55 | iPhone 6 Plus |


[SKIP] 今借到, lxwZltgNey1n3T2bpLvFPfGE+Kk=
[骑蚂蚁追宝马zC](http://weibo.com/u/2310116925)
必须保持无声的距离#今借到##小额贷款#。还有那条紫色的织锦傣裙借贷宝借款，喜欢得想要占为己有的冲动

[-] 傣裙
[-] 1483856112000|u/2310116925
| 2017-01-08 14:15 | weibo.com |


[SKIP] 展开全文c, V9HJOzhFRar+5Gtksitbzu3v/5A=
[唐阿霜](http://weibo.com/u/2137060625)
Miracle：早上臭美穿了件红色拽地长裙出门，没大脑的去骑单车，然后很顺其自然的裙子就绞在了单车里这时候有一个神奇的阿姨天使从天而降，不仅帮我把裙子拽出来，而且热心的帮我把破了的裙子收拾成漂亮的傣裙样式，最后居然问我是大几的学生他们公司招人我要不要考虑！瞬间觉得这个世界...展开全文c

[-] 傣裙
[-] 1479519781000|u/2137060625
| 2016-11-19 09:43 | 华为P9手机摄影再突破 |


tag.coun=1, tag=K9Mj6MinreT/XQKxTaqN0vJJNks=
[小玉儿Anna](http://weibo.com/u/2150536881)
嗯这次舞蹈考试穿上傣裙嗯腰大邦粗！看着都辣眼睛🙈|南通·川姜...

[-] 傣裙
[-] 1466739147000|u/2150536881
| 2016-06-24 11:32 | iPhone 6s |


tag.coun=1, tag=1qQieB9mXFZHXb6BvMRlG6iX+4A=
[普洱低絮](http://weibo.com/u/5613299852)
朋友做出来一件傣裙，原谅我太胖穿不出纤瘦的效果

[-] 傣裙
[-] 1479302658000|u/5613299852
| 2016-11-16 21:24 | 荣耀6 Plus |


tag.coun=1, tag=80+RSlPQgKnjo3dqb5F3k59IcjY=
[喃喃3204850307](http://weibo.com/u/3204850307)
再怎么样傣族的世界永远跑步了傣裙。美了美|景洪市

[-] 傣裙
[-] 1479402080000|u/3204850307
| 2016-11-18 01:01 | iPhone 6s Plus |


tag.coun=1, tag=azAlF71VcWcIHi/KwPjJjlb7OQA=
[荷西荷西你在哪里](http://weibo.com/u/2678493704)
第一次参加少数民族的婚礼。一个人结婚，全寨子的人都来帮忙。晚上就放着音乐，穿着傣裙跳舞。淳朴又热闹～勐库

[-] 傣裙
[-] 1483363159000|u/2678493704
| 2017-01-02 21:19 | iPhone 6s |


tag.coun=1, tag=su0LEDNPBvyX6hbg7aNzNIHJsnw=
[天然卷喵控cyou](http://weibo.com/u/1886216832)
私奔后拎枪穿傣裙每日去集市的日子不是更好？//@和菜头:《黄金时代》的结局其实狠不错啊。王二和陈清扬起码还有多年以后，还有重温伟大友谊的一刻。本质上来说，王二是个混球，只不过是叙述以他为主，所以混球看起来也狠可爱。但这不意味着他和陈清扬的确合适，他们确乎是两路人。读完黄金时代再加上和菜头的解析，确实悲从中来，一个没有结局的爱情故事。

[-] 傣裙
[-] 1490256135000|u/1886216832
| 2017-03-23 16:02 | OPPO智能手机iPhone 7 Plus |


tag.coun=1, tag=cGrPDF/b/+AS52b31XjdfkAP1xU=
[比如都豫](http://weibo.com/u/1663844721)
傣裙！变身！|景洪·告庄...

[-] 傣裙
[-] 1490282027000|u/1663844721
| 2017-03-23 23:13 | OPPO R9 Plus |


tag.coun=1, tag=0NhuwrdQBazzClAOegOTEmonhW0=
[沙沫Cruz_](http://weibo.com/u/1721902214)
从来没有正式参加过的泼水节的我，今天拿出傣裙然而不会穿。这个到底怎么搞啊？？？，过个新年不容易啊~~

[-] 傣裙
[-] 1492070980000|u/1721902214
| 2017-04-13 16:09 | 小米Note |


tag.coun=1, tag=XWSkkgIWaiXfknlGJ7XKQoVpvP0=
[小禾有声](http://weibo.com/chanelhe)
每年泼水节，都是从幼儿园组织的活动开始的。一早，姐妹俩着傣裙，跳起自创孔雀舞。点名六月，你一听到傣家小曲儿，就现出原形，小蛇一般，拧的这个柔婉。

[-] 傣裙
[-] 1492134065000|chanelhe
| 2017-04-14 09:41 | iPhone 7 Plus |


tag.coun=1, tag=Y2A41HaPSkaXoQtVvX5MpL5hcSM=
[老少女喵个喵](http://weibo.com/cat1002)
版纳第三天。雨停了，太阳躲在云后面，我咳嗽的厉害，穿着傣裙，什么都不敢想…

[-] 傣裙
[-] 1511707358000|cat1002
| 2017-11-26 22:42 | iPhone客户端 |


tag.coun=1, tag=J/liTjtqJKNf7W0Eq5AqMEqiCuI=
[DingD丁丁](http://weibo.com/u/1635105697)
买了傣裙终于找机会穿了一回，如果没有把下巴磕青就完美了|景洪·曼弄...

[-] 傣裙
[-] 1516347375000|u/1635105697
| 2018-01-19 15:36 | iPhone 6s Plus |


tag.coun=1, tag=YQgTsGNCGZDu/yyfz5CpLWBfDCU=
[安之浅素H](http://weibo.com/u/3731296661)
阿公把傣裙做长了，高估了我的身高！何时才能穿！12345哈哈

[-] 傣裙
[-] 1518318477000|u/3731296661
| 2018-02-11 11:07 | HUAWEI nova手机 |


tag.coun=1, tag=U/TXPZe3JtMy9PbAPT51sMxIbvc=
[Threesixnine827](http://weibo.com/u/6109548481)
今年走亲戚活动基本结束，被问的的最多的问题是还要读多少年书？要去哪工作？（离家八年读书家里人是真的挂念）期间被二叔问男朋友的事，被小爷爷一顿呵斥说那么年轻谈什么！不能给，27、28再谈吧！外公也是一句男人哪里找不行，现在先读好书！我家老一辈都出奇开明！（附穿傣裙照2张纪念）

[-] 傣裙
[-] 1518924909000|u/6109548481
| 2018-02-18 11:35 | iPhone客户端 |


tag.coun=1, tag=x6uCvppHOOev/zTgG4uXRZ/gPNM=
[泡沫-不会飞](http://weibo.com/u/1681510971)
#依依的故事之宝宝篇#傣族园㊂本来想买套小傣裙儿给依依穿可是没有合适的尺码然后就买了套当地不知道什么民族的服装

[-] 傣裙
[-] 1520605435000|u/1681510971
| 2018-03-09 22:23 | iPhone 6 Plus |


tag.coun=1, tag=BgUXP90RXJwzybX5K/dPaX23OdQ=
[布吉岛菇酿](http://weibo.com/u/3209114781)
突然想起我十八岁那年，去版纳挑了块布料，要缝一条傣裙，手工的，版纳布料市场那有一家我阿姨经常去缝的店，后来因为开学了也没去量具体尺寸，约莫做了一条，至今没场合穿争取今年穿一次拍个“大片”

[-] 傣裙
[-] 1521161042000|u/3209114781
| 2018-03-16 08:44 | HUAWEI nova手机 |


tag.coun=1, tag=VE1BeXMyy9hSpLgNGRrrWhh4NgQ=
[MichelleLullaby-](http://weibo.com/MichelleLullaby)
自从看了泰剧天生一对更加坚定了我的傣裙一生追！！！

[-] 傣裙
[-] 1523284590000|MichelleLullaby
| 2018-04-09 22:36 | iPhone X |




# Word: 包裙
http://s.weibo.com/weibo/%E5%8C%85%E8%A3%99


tag.coun=1, tag=n4EgsZlNoN2qy8SPnK0hBcKMWcY=
[Pudding江丰](http://weibo.com/u/1783780950)
今天身上的包裙束缚了我本来可以吃更多的

[-] 包裙
[-] 1526303496000|u/1783780950
| 2018-05-14 21:11 | iPhone客户端 |


tag.coun=1, tag=k3dtvEKAeveSytXjq2xjAc+w3nA=
[碰砰抨](http://weibo.com/u/3304915471)
我竟然把我一条价值近500大洋的包裙丢了。。。。丢了。。。。。自己主动丢的。。。。我的心在滴血，不单单是为了钱，主要是它比我现在的工作裙都好看

[-] 包裙
[-] 1526310029000|u/3304915471
| 2018-05-14 23:00 | Android |


tag.coun=1, tag=qxQW2lK1TmQjHt8hVig2qH8ig9s=
[茕茕孑立-丧](http://weibo.com/u/5471446210)
以为这一周会轻松太多，结果今天下午从5点练舞练到6点，又从晚上7点穿着高跟鞋衬衫包裙练到晚上10点我明天还要考科二今天教练都不要我练了，怕我越练越昏，明早还要听写单词作为半期成绩，中午还要集合给学院领导舞蹈成品😩😩我的脚|贵阳·贵州...

[-] 包裙
[-] 1526310380000|u/5471446210
| 2018-05-14 23:06 | iPhone客户端 |


tag.coun=1, tag=wc4nb2d0uKMH+zfCrNPExBA1FIo=
[love-xiao](http://weibo.com/u/2672122191)
朋友送了一条裙子，可是这种紧身包裙样式绝对不是我的风格!

[-] 包裙
[-] 1526354880000|u/2672122191
| 2018-05-15 11:28 | 三星GALAXY A |


tag.coun=1, tag=OqUMyYIB49Hueb7v3AI8ZLXwmU0=
[酸不溜秋的杏子](http://weibo.com/u/5618368511)
如果今天live现场看见一个穿大红的过膝包裙大红的红底鞋加白衬衫的妹子…那人是我同事，早上还在东京跟我们开视频会议…吃了个午饭就冲去了大阪的神奇女人…她|明早9点…还...

[-] 包裙
[-] 1526374737000|u/5618368511
| 2018-05-15 16:58 | iPhone客户端 |


tag.coun=1, tag=KYRUQWzX/LZPZdskIndmTt2XZX4=
[发酵的花卷卷卷](http://weibo.com/u/1903294473)
以前的包裙都穿不起了，是该省钱减肥呢，还是花钱买新的？

[-] 包裙
[-] 1526480634000|u/1903294473
| 2018-05-16 22:23 | iPhone客户端 |


tag.coun=1, tag=izR/ks/0KBY9/U1u6yw+COySavQ=
[Keico小姐](http://weibo.com/u/1874801671)
包裙控的dailylook,除了包裙也只有包裙了

[-] 包裙
[-] 1526483740000|u/1874801671
| 2018-05-16 23:15 | iPhone客户端 |


tag.coun=1, tag=YsfuIsJcS/Ye+5ZGmL/hXTKTR24=
[御姐LV](http://weibo.com/yamida)
#whatlvwear#一穿包裙就绷出小肚子耿直boy就会说：妈妈我看你是怀孕了|武汉·洪山...

[-] 包裙
[-] 1526514154000|yamida
| 2018-05-17 07:42 | iPhone客户端 |


tag.coun=1, tag=Ew7cO7cjWXzrGoSFgYBgXIueFks=
[没帅哥没美食怎么活下去Xi](http://weibo.com/u/5094038714)
早上硬生生的把自己塞进小一号的包裙里，结果被勒得难受

[-] 包裙
[-] 1526519161000|u/5094038714
| 2018-05-17 09:06 | 360安全浏览器 |


tag.coun=1, tag=dndGwJZmZPvO5F8ad24zpNDJtZU=
[芷汀蓝mm](http://weibo.com/u/2731348710)
速度是超级的慢，过程是超级忍耐。昨晚没有吃晚饭，结果8点半没忍住，吃了个小蛋糕，今天上称：52．65kg。是要多久才52呢？近期所有之前的旗袍，包裙，都能穿上了，继续努力吧！|福鼎·中正...

[-] 包裙
[-] 1526521262000|u/2731348710
| 2018-05-17 09:41 | iPhone客户端 |


tag.coun=1, tag=EqKZW0tO9GWuUbAzQHGBpiQbplI=
[Hhhhhh-FJ](http://weibo.com/u/5677204107)
有好闻的洗衣液味道的白衬衫&皱巴巴的包裙|无锡·江南...

[-] 包裙
[-] 1526544031000|u/5677204107
| 2018-05-17 16:00 | vivo X20全面屏手机 |


tag.coun=1, tag=P3vqWtMVQarfcT7GQV5btef9j5Q=
[时尚收集册](http://weibo.com/u/6524305506)
贴身包裙

[-] 包裙
[-] 1526554758000|u/6524305506
| 2018-05-17 18:59 | 皮皮时光机 |


tag.coun=1, tag=PgaoX73mM0DD3WPkMwzNQxQQQNw=
[仰望深渊z](http://weibo.com/foreverzyf)
今天的风有多大，具体可参考我今天穿了个包裙，差点给我吹翻。

[-] 包裙
[-] 1526574706000|foreverzyf
| 2018-05-18 00:31 | iPhone客户端 |


tag.coun=1, tag=9S3jB2/Lyr5gSvLKzYfOlkQPzrk=
[花王碧柔品牌](http://weibo.com/kaobiore)
#碧柔美丽风尚#粉色短T搭配飞鸟纹的粉色包裙，若想为你的夏季时装增添一丝甜美，粉色当仁不让。（图片来源于网络）

[-] 包裙
[-] 1526583003000|kaobiore
| 2018-05-18 02:50 | weibo.com |


tag.coun=1, tag=kSZlodKkokyLgyXSRMqqWX4qAxc=
[采姑娘的蘑菇菇菇菇](http://weibo.com/u/3749020683)
去年这个时候腰围58，穿着去年买的小包裙，实实在在感受到了6斤的力量是多么的不容小觑，上班的路上深刻感觉到自己失策了，嘞着腰又迈不开腿，饿着肚子呼哧呼哧赶着去单位吃早餐，走得满头大汗还是感觉遥遥无期|广州·猎德

[-] 包裙
[-] 1526601747000|u/3749020683
| 2018-05-18 08:02 | iPhone 7 Plus |


tag.coun=1, tag=avVk6qt893liPotbymhLfZSsgoE=
[你还有点乖勒](http://weibo.com/u/5230250787)
穿的包裙还是到膝盖没法坐我曼姐电瓶车然后我就在穿了一条裤子把裙子拉上来

[-] 包裙
[-] 1526726453000|u/5230250787
| 2018-05-19 18:40 | HUAWEI P10 |


tag.coun=1, tag=EO8e4PM4o6zVMZd6AFqZwo5/few=
[我不和不吃醋的人做朋友](http://weibo.com/u/3962973748)
还有什么比穿包裙来吃自助更沙雕的事

[-] 包裙
[-] 1526878043000|u/3962973748
| 2018-05-21 12:47 | Android |


tag.coun=1, tag=zJQnhIlgQ1NZivL8jrEfWYr0fj0=
[Joseph-Smith](http://weibo.com/u271597476)
歪麦冯包裙（防广告），大家需要的+1+

[-] 包裙
[-] 1526899918000|u271597476
| 2018-05-21 18:51 | 微博 HTML5 版 |


tag.coun=1, tag=xCx0/8EgchYo6twpn1qacB/SbLc=
[小han同学在这儿](http://weibo.com/u/2125131191)
不，我没有长胖衣服问题不就是穿了个包裙嘛

[-] 包裙
[-] 1526971012000|u/2125131191
| 2018-05-22 14:36 | 华为P9手机摄影再突破 |


tag.coun=1, tag=C9MzyKwzBnrFqJiQZ9fE1NK14qk=
[Aki-Kurokawa](http://weibo.com/u/2103666123)
高开叉居然是穿模没关系也许这包裙里面是吊带袜呢

[-] 包裙
[-] 1524271438000|u/2103666123
| 2018-04-21 08:43 | 360安全浏览器 |


tag.coun=1, tag=rj6HEXaESCXT/G6w5GNG3c2TIf0=
[FashionBloggers](http://weibo.com/u/6081488882)
佟丽娅身着MarcJacobs2018春夏卫衣加裹身包裙，太美了

[-] 包裙
[-] 1524914804000|u/6081488882
| 2018-04-28 19:26 | iPhone 7 Plus |


